[00:00:57] [Server thread/INFO]: Delpion is no longer AFK
[00:10:54] [Server thread/INFO]: Delpion is now AFK
[00:22:14] [Server thread/INFO]: Delpion is no longer AFK
[00:23:08] [Server thread/WARN]: Can't keep up! Did the system time change, or is the server overloaded? Running 2026ms behind, skipping 40 tick(s)
[00:26:08] [Server thread/WARN]: Can't keep up! Did the system time change, or is the server overloaded? Running 2180ms behind, skipping 43 tick(s)
[00:26:45] [Server thread/INFO]: §dServer Backup started!§r
[00:26:45] [File IO Thread/INFO]: Deleting old backup: 2026-02-17-21-56-44.zip
[00:26:45] [File IO Thread/INFO]: Backing up 563 files...
[00:26:45] [File IO Thread/INFO]: Compressing 563 files...
[00:27:14] [Server thread/INFO]: Delpion is now AFK
[00:27:24] [File IO Thread/INFO]: Done compressing in 00:39 seconds (170.9MB)!
[00:27:24] [File IO Thread/INFO]: Created /workspaces/imsopoor/nomifactory/./backups/2026-02-18-00-26-45.zip from /workspaces/imsopoor/nomifactory/./world
[00:27:24] [File IO Thread/INFO]: §dServer backup done in §r§d00:39§r§d! (§r§d170.9MB | 854.3MB§r§d)§r
[00:32:03] [Server thread/INFO]: Delpion is no longer AFK
[00:33:48] [Server thread/ERROR]: NetworkEventFiringHandler exception
java.lang.RuntimeException: Missing
	at net.minecraftforge.fml.server.FMLServerHandler.getClientToServerNetworkManager(FMLServerHandler.java:299) ~[FMLServerHandler.class:?]
	at net.minecraftforge.fml.common.FMLCommonHandler.getClientToServerNetworkManager(FMLCommonHandler.java:555) ~[FMLCommonHandler.class:?]
	at net.minecraftforge.fml.common.network.FMLOutboundHandler$OutboundTarget$10.selectNetworks(FMLOutboundHandler.java:329) ~[FMLOutboundHandler$OutboundTarget$10.class:?]
	at net.minecraftforge.fml.common.network.FMLOutboundHandler.write(FMLOutboundHandler.java:378) ~[FMLOutboundHandler.class:?]
	at io.netty.channel.AbstractChannelHandlerContext.invokeWrite0(AbstractChannelHandlerContext.java:738) ~[minecraft_server.1.12.2.jar:?]
	at io.netty.channel.AbstractChannelHandlerContext.invokeWriteAndFlush(AbstractChannelHandlerContext.java:801) ~[minecraft_server.1.12.2.jar:?]
	at io.netty.channel.AbstractChannelHandlerContext.write(AbstractChannelHandlerContext.java:814) ~[minecraft_server.1.12.2.jar:?]
	at io.netty.channel.AbstractChannelHandlerContext.writeAndFlush(AbstractChannelHandlerContext.java:794) ~[minecraft_server.1.12.2.jar:?]
	at io.netty.channel.AbstractChannelHandlerContext.writeAndFlush(AbstractChannelHandlerContext.java:831) ~[minecraft_server.1.12.2.jar:?]
	at io.netty.channel.DefaultChannelPipeline.writeAndFlush(DefaultChannelPipeline.java:1032) ~[minecraft_server.1.12.2.jar:?]
	at io.netty.channel.AbstractChannel.writeAndFlush(AbstractChannel.java:296) ~[minecraft_server.1.12.2.jar:?]
	at net.minecraftforge.fml.common.network.FMLEventChannel.sendToServer(FMLEventChannel.java:227) [FMLEventChannel.class:?]
	at appeng.core.sync.network.NetworkHandler.sendToServer(NetworkHandler.java:124) [NetworkHandler.class:?]
	at appeng.core.sync.packets.PacketInventoryAction.serverPacketData(PacketInventoryAction.java:189) [PacketInventoryAction.class:?]
	at appeng.core.sync.network.AppEngServerPacketHandler$1.call(AppEngServerPacketHandler.java:50) [AppEngServerPacketHandler$1.class:?]
	at appeng.core.sync.AppEngPacket.processPacket(AppEngPacket.java:108) [AppEngPacket.class:?]
	at net.minecraft.network.PacketThreadUtil$1.run(SourceFile:13) [hv$1.class:?]
	at java.util.concurrent.Executors$RunnableAdapter.call(Executors.java:511) [?:1.8.0_482]
	at java.util.concurrent.FutureTask.run(FutureTask.java:266) [?:1.8.0_482]
	at net.minecraft.util.Util.runTask(SourceFile:529) [h.class:?]
	at net.minecraft.server.MinecraftServer.updateTimeLightAndEntities(MinecraftServer.java:723) [MinecraftServer.class:?]
	at net.minecraft.server.dedicated.DedicatedServer.updateTimeLightAndEntities(DedicatedServer.java:397) [nz.class:?]
	at net.minecraft.server.MinecraftServer.tick(MinecraftServer.java:668) [MinecraftServer.class:?]
	at net.minecraft.server.MinecraftServer.run(MinecraftServer.java:526) [MinecraftServer.class:?]
	at java.lang.Thread.run(Thread.java:750) [?:1.8.0_482]
[00:34:09] [Server thread/ERROR]: NetworkEventFiringHandler exception
java.lang.RuntimeException: Missing
	at net.minecraftforge.fml.server.FMLServerHandler.getClientToServerNetworkManager(FMLServerHandler.java:299) ~[FMLServerHandler.class:?]
	at net.minecraftforge.fml.common.FMLCommonHandler.getClientToServerNetworkManager(FMLCommonHandler.java:555) ~[FMLCommonHandler.class:?]
	at net.minecraftforge.fml.common.network.FMLOutboundHandler$OutboundTarget$10.selectNetworks(FMLOutboundHandler.java:329) ~[FMLOutboundHandler$OutboundTarget$10.class:?]
	at net.minecraftforge.fml.common.network.FMLOutboundHandler.write(FMLOutboundHandler.java:378) ~[FMLOutboundHandler.class:?]
	at io.netty.channel.AbstractChannelHandlerContext.invokeWrite0(AbstractChannelHandlerContext.java:738) ~[minecraft_server.1.12.2.jar:?]
	at io.netty.channel.AbstractChannelHandlerContext.invokeWriteAndFlush(AbstractChannelHandlerContext.java:801) ~[minecraft_server.1.12.2.jar:?]
	at io.netty.channel.AbstractChannelHandlerContext.write(AbstractChannelHandlerContext.java:814) ~[minecraft_server.1.12.2.jar:?]
	at io.netty.channel.AbstractChannelHandlerContext.writeAndFlush(AbstractChannelHandlerContext.java:794) ~[minecraft_server.1.12.2.jar:?]
	at io.netty.channel.AbstractChannelHandlerContext.writeAndFlush(AbstractChannelHandlerContext.java:831) ~[minecraft_server.1.12.2.jar:?]
	at io.netty.channel.DefaultChannelPipeline.writeAndFlush(DefaultChannelPipeline.java:1032) ~[minecraft_server.1.12.2.jar:?]
	at io.netty.channel.AbstractChannel.writeAndFlush(AbstractChannel.java:296) ~[minecraft_server.1.12.2.jar:?]
	at net.minecraftforge.fml.common.network.FMLEventChannel.sendToServer(FMLEventChannel.java:227) [FMLEventChannel.class:?]
	at appeng.core.sync.network.NetworkHandler.sendToServer(NetworkHandler.java:124) [NetworkHandler.class:?]
	at appeng.core.sync.packets.PacketInventoryAction.serverPacketData(PacketInventoryAction.java:189) [PacketInventoryAction.class:?]
	at appeng.core.sync.network.AppEngServerPacketHandler$1.call(AppEngServerPacketHandler.java:50) [AppEngServerPacketHandler$1.class:?]
	at appeng.core.sync.AppEngPacket.processPacket(AppEngPacket.java:108) [AppEngPacket.class:?]
	at net.minecraft.network.PacketThreadUtil$1.run(SourceFile:13) [hv$1.class:?]
	at java.util.concurrent.Executors$RunnableAdapter.call(Executors.java:511) [?:1.8.0_482]
	at java.util.concurrent.FutureTask.run(FutureTask.java:266) [?:1.8.0_482]
	at net.minecraft.util.Util.runTask(SourceFile:529) [h.class:?]
	at net.minecraft.server.MinecraftServer.updateTimeLightAndEntities(MinecraftServer.java:723) [MinecraftServer.class:?]
	at net.minecraft.server.dedicated.DedicatedServer.updateTimeLightAndEntities(DedicatedServer.java:397) [nz.class:?]
	at net.minecraft.server.MinecraftServer.tick(MinecraftServer.java:668) [MinecraftServer.class:?]
	at net.minecraft.server.MinecraftServer.run(MinecraftServer.java:526) [MinecraftServer.class:?]
	at java.lang.Thread.run(Thread.java:750) [?:1.8.0_482]
[00:55:34] [Server thread/ERROR]: NetworkEventFiringHandler exception
java.lang.RuntimeException: Missing
	at net.minecraftforge.fml.server.FMLServerHandler.getClientToServerNetworkManager(FMLServerHandler.java:299) ~[FMLServerHandler.class:?]
	at net.minecraftforge.fml.common.FMLCommonHandler.getClientToServerNetworkManager(FMLCommonHandler.java:555) ~[FMLCommonHandler.class:?]
	at net.minecraftforge.fml.common.network.FMLOutboundHandler$OutboundTarget$10.selectNetworks(FMLOutboundHandler.java:329) ~[FMLOutboundHandler$OutboundTarget$10.class:?]
	at net.minecraftforge.fml.common.network.FMLOutboundHandler.write(FMLOutboundHandler.java:378) ~[FMLOutboundHandler.class:?]
	at io.netty.channel.AbstractChannelHandlerContext.invokeWrite0(AbstractChannelHandlerContext.java:738) ~[minecraft_server.1.12.2.jar:?]
	at io.netty.channel.AbstractChannelHandlerContext.invokeWriteAndFlush(AbstractChannelHandlerContext.java:801) ~[minecraft_server.1.12.2.jar:?]
	at io.netty.channel.AbstractChannelHandlerContext.write(AbstractChannelHandlerContext.java:814) ~[minecraft_server.1.12.2.jar:?]
	at io.netty.channel.AbstractChannelHandlerContext.writeAndFlush(AbstractChannelHandlerContext.java:794) ~[minecraft_server.1.12.2.jar:?]
	at io.netty.channel.AbstractChannelHandlerContext.writeAndFlush(AbstractChannelHandlerContext.java:831) ~[minecraft_server.1.12.2.jar:?]
	at io.netty.channel.DefaultChannelPipeline.writeAndFlush(DefaultChannelPipeline.java:1032) ~[minecraft_server.1.12.2.jar:?]
	at io.netty.channel.AbstractChannel.writeAndFlush(AbstractChannel.java:296) ~[minecraft_server.1.12.2.jar:?]
	at net.minecraftforge.fml.common.network.FMLEventChannel.sendToServer(FMLEventChannel.java:227) [FMLEventChannel.class:?]
	at appeng.core.sync.network.NetworkHandler.sendToServer(NetworkHandler.java:124) [NetworkHandler.class:?]
	at appeng.core.sync.packets.PacketInventoryAction.serverPacketData(PacketInventoryAction.java:189) [PacketInventoryAction.class:?]
	at appeng.core.sync.network.AppEngServerPacketHandler$1.call(AppEngServerPacketHandler.java:50) [AppEngServerPacketHandler$1.class:?]
	at appeng.core.sync.AppEngPacket.processPacket(AppEngPacket.java:108) [AppEngPacket.class:?]
	at net.minecraft.network.PacketThreadUtil$1.run(SourceFile:13) [hv$1.class:?]
	at java.util.concurrent.Executors$RunnableAdapter.call(Executors.java:511) [?:1.8.0_482]
	at java.util.concurrent.FutureTask.run(FutureTask.java:266) [?:1.8.0_482]
	at net.minecraft.util.Util.runTask(SourceFile:529) [h.class:?]
	at net.minecraft.server.MinecraftServer.updateTimeLightAndEntities(MinecraftServer.java:723) [MinecraftServer.class:?]
	at net.minecraft.server.dedicated.DedicatedServer.updateTimeLightAndEntities(DedicatedServer.java:397) [nz.class:?]
	at net.minecraft.server.MinecraftServer.tick(MinecraftServer.java:668) [MinecraftServer.class:?]
	at net.minecraft.server.MinecraftServer.run(MinecraftServer.java:526) [MinecraftServer.class:?]
	at java.lang.Thread.run(Thread.java:750) [?:1.8.0_482]
[00:55:44] [Server thread/ERROR]: NetworkEventFiringHandler exception
java.lang.RuntimeException: Missing
	at net.minecraftforge.fml.server.FMLServerHandler.getClientToServerNetworkManager(FMLServerHandler.java:299) ~[FMLServerHandler.class:?]
	at net.minecraftforge.fml.common.FMLCommonHandler.getClientToServerNetworkManager(FMLCommonHandler.java:555) ~[FMLCommonHandler.class:?]
	at net.minecraftforge.fml.common.network.FMLOutboundHandler$OutboundTarget$10.selectNetworks(FMLOutboundHandler.java:329) ~[FMLOutboundHandler$OutboundTarget$10.class:?]
	at net.minecraftforge.fml.common.network.FMLOutboundHandler.write(FMLOutboundHandler.java:378) ~[FMLOutboundHandler.class:?]
	at io.netty.channel.AbstractChannelHandlerContext.invokeWrite0(AbstractChannelHandlerContext.java:738) ~[minecraft_server.1.12.2.jar:?]
	at io.netty.channel.AbstractChannelHandlerContext.invokeWriteAndFlush(AbstractChannelHandlerContext.java:801) ~[minecraft_server.1.12.2.jar:?]
	at io.netty.channel.AbstractChannelHandlerContext.write(AbstractChannelHandlerContext.java:814) ~[minecraft_server.1.12.2.jar:?]
	at io.netty.channel.AbstractChannelHandlerContext.writeAndFlush(AbstractChannelHandlerContext.java:794) ~[minecraft_server.1.12.2.jar:?]
	at io.netty.channel.AbstractChannelHandlerContext.writeAndFlush(AbstractChannelHandlerContext.java:831) ~[minecraft_server.1.12.2.jar:?]
	at io.netty.channel.DefaultChannelPipeline.writeAndFlush(DefaultChannelPipeline.java:1032) ~[minecraft_server.1.12.2.jar:?]
	at io.netty.channel.AbstractChannel.writeAndFlush(AbstractChannel.java:296) ~[minecraft_server.1.12.2.jar:?]
	at net.minecraftforge.fml.common.network.FMLEventChannel.sendToServer(FMLEventChannel.java:227) [FMLEventChannel.class:?]
	at appeng.core.sync.network.NetworkHandler.sendToServer(NetworkHandler.java:124) [NetworkHandler.class:?]
	at appeng.core.sync.packets.PacketInventoryAction.serverPacketData(PacketInventoryAction.java:189) [PacketInventoryAction.class:?]
	at appeng.core.sync.network.AppEngServerPacketHandler$1.call(AppEngServerPacketHandler.java:50) [AppEngServerPacketHandler$1.class:?]
	at appeng.core.sync.AppEngPacket.processPacket(AppEngPacket.java:108) [AppEngPacket.class:?]
	at net.minecraft.network.PacketThreadUtil$1.run(SourceFile:13) [hv$1.class:?]
	at java.util.concurrent.Executors$RunnableAdapter.call(Executors.java:511) [?:1.8.0_482]
	at java.util.concurrent.FutureTask.run(FutureTask.java:266) [?:1.8.0_482]
	at net.minecraft.util.Util.runTask(SourceFile:529) [h.class:?]
	at net.minecraft.server.MinecraftServer.updateTimeLightAndEntities(MinecraftServer.java:723) [MinecraftServer.class:?]
	at net.minecraft.server.dedicated.DedicatedServer.updateTimeLightAndEntities(DedicatedServer.java:397) [nz.class:?]
	at net.minecraft.server.MinecraftServer.tick(MinecraftServer.java:668) [MinecraftServer.class:?]
	at net.minecraft.server.MinecraftServer.run(MinecraftServer.java:526) [MinecraftServer.class:?]
	at java.lang.Thread.run(Thread.java:750) [?:1.8.0_482]
[00:56:45] [Server thread/INFO]: §dServer Backup started!§r
[00:56:45] [File IO Thread/INFO]: Deleting old backup: 2026-02-17-22-26-44.zip
[00:56:45] [File IO Thread/INFO]: Backing up 563 files...
[00:56:45] [File IO Thread/INFO]: Compressing 563 files...
[00:56:49] [Server thread/ERROR]: NetworkEventFiringHandler exception
java.lang.RuntimeException: Missing
	at net.minecraftforge.fml.server.FMLServerHandler.getClientToServerNetworkManager(FMLServerHandler.java:299) ~[FMLServerHandler.class:?]
	at net.minecraftforge.fml.common.FMLCommonHandler.getClientToServerNetworkManager(FMLCommonHandler.java:555) ~[FMLCommonHandler.class:?]
	at net.minecraftforge.fml.common.network.FMLOutboundHandler$OutboundTarget$10.selectNetworks(FMLOutboundHandler.java:329) ~[FMLOutboundHandler$OutboundTarget$10.class:?]
	at net.minecraftforge.fml.common.network.FMLOutboundHandler.write(FMLOutboundHandler.java:378) ~[FMLOutboundHandler.class:?]
	at io.netty.channel.AbstractChannelHandlerContext.invokeWrite0(AbstractChannelHandlerContext.java:738) ~[minecraft_server.1.12.2.jar:?]
	at io.netty.channel.AbstractChannelHandlerContext.invokeWriteAndFlush(AbstractChannelHandlerContext.java:801) ~[minecraft_server.1.12.2.jar:?]
	at io.netty.channel.AbstractChannelHandlerContext.write(AbstractChannelHandlerContext.java:814) ~[minecraft_server.1.12.2.jar:?]
	at io.netty.channel.AbstractChannelHandlerContext.writeAndFlush(AbstractChannelHandlerContext.java:794) ~[minecraft_server.1.12.2.jar:?]
	at io.netty.channel.AbstractChannelHandlerContext.writeAndFlush(AbstractChannelHandlerContext.java:831) ~[minecraft_server.1.12.2.jar:?]
	at io.netty.channel.DefaultChannelPipeline.writeAndFlush(DefaultChannelPipeline.java:1032) ~[minecraft_server.1.12.2.jar:?]
	at io.netty.channel.AbstractChannel.writeAndFlush(AbstractChannel.java:296) ~[minecraft_server.1.12.2.jar:?]
	at net.minecraftforge.fml.common.network.FMLEventChannel.sendToServer(FMLEventChannel.java:227) [FMLEventChannel.class:?]
	at appeng.core.sync.network.NetworkHandler.sendToServer(NetworkHandler.java:124) [NetworkHandler.class:?]
	at appeng.core.sync.packets.PacketInventoryAction.serverPacketData(PacketInventoryAction.java:189) [PacketInventoryAction.class:?]
	at appeng.core.sync.network.AppEngServerPacketHandler$1.call(AppEngServerPacketHandler.java:50) [AppEngServerPacketHandler$1.class:?]
	at appeng.core.sync.AppEngPacket.processPacket(AppEngPacket.java:108) [AppEngPacket.class:?]
	at net.minecraft.network.PacketThreadUtil$1.run(SourceFile:13) [hv$1.class:?]
	at java.util.concurrent.Executors$RunnableAdapter.call(Executors.java:511) [?:1.8.0_482]
	at java.util.concurrent.FutureTask.run(FutureTask.java:266) [?:1.8.0_482]
	at net.minecraft.util.Util.runTask(SourceFile:529) [h.class:?]
	at net.minecraft.server.MinecraftServer.updateTimeLightAndEntities(MinecraftServer.java:723) [MinecraftServer.class:?]
	at net.minecraft.server.dedicated.DedicatedServer.updateTimeLightAndEntities(DedicatedServer.java:397) [nz.class:?]
	at net.minecraft.server.MinecraftServer.tick(MinecraftServer.java:668) [MinecraftServer.class:?]
	at net.minecraft.server.MinecraftServer.run(MinecraftServer.java:526) [MinecraftServer.class:?]
	at java.lang.Thread.run(Thread.java:750) [?:1.8.0_482]
[00:57:19] [File IO Thread/INFO]: Done compressing in 00:34 seconds (170.9MB)!
[00:57:19] [File IO Thread/INFO]: Created /workspaces/imsopoor/nomifactory/./backups/2026-02-18-00-56-45.zip from /workspaces/imsopoor/nomifactory/./world
[00:57:19] [File IO Thread/INFO]: §dServer backup done in §r§d00:34§r§d! (§r§d170.9MB | 854.3MB§r§d)§r
[01:00:21] [Server thread/ERROR]: NetworkEventFiringHandler exception
java.lang.RuntimeException: Missing
	at net.minecraftforge.fml.server.FMLServerHandler.getClientToServerNetworkManager(FMLServerHandler.java:299) ~[FMLServerHandler.class:?]
	at net.minecraftforge.fml.common.FMLCommonHandler.getClientToServerNetworkManager(FMLCommonHandler.java:555) ~[FMLCommonHandler.class:?]
	at net.minecraftforge.fml.common.network.FMLOutboundHandler$OutboundTarget$10.selectNetworks(FMLOutboundHandler.java:329) ~[FMLOutboundHandler$OutboundTarget$10.class:?]
	at net.minecraftforge.fml.common.network.FMLOutboundHandler.write(FMLOutboundHandler.java:378) ~[FMLOutboundHandler.class:?]
	at io.netty.channel.AbstractChannelHandlerContext.invokeWrite0(AbstractChannelHandlerContext.java:738) ~[minecraft_server.1.12.2.jar:?]
	at io.netty.channel.AbstractChannelHandlerContext.invokeWriteAndFlush(AbstractChannelHandlerContext.java:801) ~[minecraft_server.1.12.2.jar:?]
	at io.netty.channel.AbstractChannelHandlerContext.write(AbstractChannelHandlerContext.java:814) ~[minecraft_server.1.12.2.jar:?]
	at io.netty.channel.AbstractChannelHandlerContext.writeAndFlush(AbstractChannelHandlerContext.java:794) ~[minecraft_server.1.12.2.jar:?]
	at io.netty.channel.AbstractChannelHandlerContext.writeAndFlush(AbstractChannelHandlerContext.java:831) ~[minecraft_server.1.12.2.jar:?]
	at io.netty.channel.DefaultChannelPipeline.writeAndFlush(DefaultChannelPipeline.java:1032) ~[minecraft_server.1.12.2.jar:?]
	at io.netty.channel.AbstractChannel.writeAndFlush(AbstractChannel.java:296) ~[minecraft_server.1.12.2.jar:?]
	at net.minecraftforge.fml.common.network.FMLEventChannel.sendToServer(FMLEventChannel.java:227) [FMLEventChannel.class:?]
	at appeng.core.sync.network.NetworkHandler.sendToServer(NetworkHandler.java:124) [NetworkHandler.class:?]
	at appeng.core.sync.packets.PacketInventoryAction.serverPacketData(PacketInventoryAction.java:189) [PacketInventoryAction.class:?]
	at appeng.core.sync.network.AppEngServerPacketHandler$1.call(AppEngServerPacketHandler.java:50) [AppEngServerPacketHandler$1.class:?]
	at appeng.core.sync.AppEngPacket.processPacket(AppEngPacket.java:108) [AppEngPacket.class:?]
	at net.minecraft.network.PacketThreadUtil$1.run(SourceFile:13) [hv$1.class:?]
	at java.util.concurrent.Executors$RunnableAdapter.call(Executors.java:511) [?:1.8.0_482]
	at java.util.concurrent.FutureTask.run(FutureTask.java:266) [?:1.8.0_482]
	at net.minecraft.util.Util.runTask(SourceFile:529) [h.class:?]
	at net.minecraft.server.MinecraftServer.updateTimeLightAndEntities(MinecraftServer.java:723) [MinecraftServer.class:?]
	at net.minecraft.server.dedicated.DedicatedServer.updateTimeLightAndEntities(DedicatedServer.java:397) [nz.class:?]
	at net.minecraft.server.MinecraftServer.tick(MinecraftServer.java:668) [MinecraftServer.class:?]
	at net.minecraft.server.MinecraftServer.run(MinecraftServer.java:526) [MinecraftServer.class:?]
	at java.lang.Thread.run(Thread.java:750) [?:1.8.0_482]
[01:00:25] [Server thread/ERROR]: NetworkEventFiringHandler exception
java.lang.RuntimeException: Missing
	at net.minecraftforge.fml.server.FMLServerHandler.getClientToServerNetworkManager(FMLServerHandler.java:299) ~[FMLServerHandler.class:?]
	at net.minecraftforge.fml.common.FMLCommonHandler.getClientToServerNetworkManager(FMLCommonHandler.java:555) ~[FMLCommonHandler.class:?]
	at net.minecraftforge.fml.common.network.FMLOutboundHandler$OutboundTarget$10.selectNetworks(FMLOutboundHandler.java:329) ~[FMLOutboundHandler$OutboundTarget$10.class:?]
	at net.minecraftforge.fml.common.network.FMLOutboundHandler.write(FMLOutboundHandler.java:378) ~[FMLOutboundHandler.class:?]
	at io.netty.channel.AbstractChannelHandlerContext.invokeWrite0(AbstractChannelHandlerContext.java:738) ~[minecraft_server.1.12.2.jar:?]
	at io.netty.channel.AbstractChannelHandlerContext.invokeWriteAndFlush(AbstractChannelHandlerContext.java:801) ~[minecraft_server.1.12.2.jar:?]
	at io.netty.channel.AbstractChannelHandlerContext.write(AbstractChannelHandlerContext.java:814) ~[minecraft_server.1.12.2.jar:?]
	at io.netty.channel.AbstractChannelHandlerContext.writeAndFlush(AbstractChannelHandlerContext.java:794) ~[minecraft_server.1.12.2.jar:?]
	at io.netty.channel.AbstractChannelHandlerContext.writeAndFlush(AbstractChannelHandlerContext.java:831) ~[minecraft_server.1.12.2.jar:?]
	at io.netty.channel.DefaultChannelPipeline.writeAndFlush(DefaultChannelPipeline.java:1032) ~[minecraft_server.1.12.2.jar:?]
	at io.netty.channel.AbstractChannel.writeAndFlush(AbstractChannel.java:296) ~[minecraft_server.1.12.2.jar:?]
	at net.minecraftforge.fml.common.network.FMLEventChannel.sendToServer(FMLEventChannel.java:227) [FMLEventChannel.class:?]
	at appeng.core.sync.network.NetworkHandler.sendToServer(NetworkHandler.java:124) [NetworkHandler.class:?]
	at appeng.core.sync.packets.PacketInventoryAction.serverPacketData(PacketInventoryAction.java:189) [PacketInventoryAction.class:?]
	at appeng.core.sync.network.AppEngServerPacketHandler$1.call(AppEngServerPacketHandler.java:50) [AppEngServerPacketHandler$1.class:?]
	at appeng.core.sync.AppEngPacket.processPacket(AppEngPacket.java:108) [AppEngPacket.class:?]
	at net.minecraft.network.PacketThreadUtil$1.run(SourceFile:13) [hv$1.class:?]
	at java.util.concurrent.Executors$RunnableAdapter.call(Executors.java:511) [?:1.8.0_482]
	at java.util.concurrent.FutureTask.run(FutureTask.java:266) [?:1.8.0_482]
	at net.minecraft.util.Util.runTask(SourceFile:529) [h.class:?]
	at net.minecraft.server.MinecraftServer.updateTimeLightAndEntities(MinecraftServer.java:723) [MinecraftServer.class:?]
	at net.minecraft.server.dedicated.DedicatedServer.updateTimeLightAndEntities(DedicatedServer.java:397) [nz.class:?]
	at net.minecraft.server.MinecraftServer.tick(MinecraftServer.java:668) [MinecraftServer.class:?]
	at net.minecraft.server.MinecraftServer.run(MinecraftServer.java:526) [MinecraftServer.class:?]
	at java.lang.Thread.run(Thread.java:750) [?:1.8.0_482]
[01:01:02] [Server thread/ERROR]: NetworkEventFiringHandler exception
java.lang.RuntimeException: Missing
	at net.minecraftforge.fml.server.FMLServerHandler.getClientToServerNetworkManager(FMLServerHandler.java:299) ~[FMLServerHandler.class:?]
	at net.minecraftforge.fml.common.FMLCommonHandler.getClientToServerNetworkManager(FMLCommonHandler.java:555) ~[FMLCommonHandler.class:?]
	at net.minecraftforge.fml.common.network.FMLOutboundHandler$OutboundTarget$10.selectNetworks(FMLOutboundHandler.java:329) ~[FMLOutboundHandler$OutboundTarget$10.class:?]
	at net.minecraftforge.fml.common.network.FMLOutboundHandler.write(FMLOutboundHandler.java:378) ~[FMLOutboundHandler.class:?]
	at io.netty.channel.AbstractChannelHandlerContext.invokeWrite0(AbstractChannelHandlerContext.java:738) ~[minecraft_server.1.12.2.jar:?]
	at io.netty.channel.AbstractChannelHandlerContext.invokeWriteAndFlush(AbstractChannelHandlerContext.java:801) ~[minecraft_server.1.12.2.jar:?]
	at io.netty.channel.AbstractChannelHandlerContext.write(AbstractChannelHandlerContext.java:814) ~[minecraft_server.1.12.2.jar:?]
	at io.netty.channel.AbstractChannelHandlerContext.writeAndFlush(AbstractChannelHandlerContext.java:794) ~[minecraft_server.1.12.2.jar:?]
	at io.netty.channel.AbstractChannelHandlerContext.writeAndFlush(AbstractChannelHandlerContext.java:831) ~[minecraft_server.1.12.2.jar:?]
	at io.netty.channel.DefaultChannelPipeline.writeAndFlush(DefaultChannelPipeline.java:1032) ~[minecraft_server.1.12.2.jar:?]
	at io.netty.channel.AbstractChannel.writeAndFlush(AbstractChannel.java:296) ~[minecraft_server.1.12.2.jar:?]
	at net.minecraftforge.fml.common.network.FMLEventChannel.sendToServer(FMLEventChannel.java:227) [FMLEventChannel.class:?]
	at appeng.core.sync.network.NetworkHandler.sendToServer(NetworkHandler.java:124) [NetworkHandler.class:?]
	at appeng.core.sync.packets.PacketInventoryAction.serverPacketData(PacketInventoryAction.java:189) [PacketInventoryAction.class:?]
	at appeng.core.sync.network.AppEngServerPacketHandler$1.call(AppEngServerPacketHandler.java:50) [AppEngServerPacketHandler$1.class:?]
	at appeng.core.sync.AppEngPacket.processPacket(AppEngPacket.java:108) [AppEngPacket.class:?]
	at net.minecraft.network.PacketThreadUtil$1.run(SourceFile:13) [hv$1.class:?]
	at java.util.concurrent.Executors$RunnableAdapter.call(Executors.java:511) [?:1.8.0_482]
	at java.util.concurrent.FutureTask.run(FutureTask.java:266) [?:1.8.0_482]
	at net.minecraft.util.Util.runTask(SourceFile:529) [h.class:?]
	at net.minecraft.server.MinecraftServer.updateTimeLightAndEntities(MinecraftServer.java:723) [MinecraftServer.class:?]
	at net.minecraft.server.dedicated.DedicatedServer.updateTimeLightAndEntities(DedicatedServer.java:397) [nz.class:?]
	at net.minecraft.server.MinecraftServer.tick(MinecraftServer.java:668) [MinecraftServer.class:?]
	at net.minecraft.server.MinecraftServer.run(MinecraftServer.java:526) [MinecraftServer.class:?]
	at java.lang.Thread.run(Thread.java:750) [?:1.8.0_482]
[01:01:14] [Server thread/ERROR]: NetworkEventFiringHandler exception
java.lang.RuntimeException: Missing
	at net.minecraftforge.fml.server.FMLServerHandler.getClientToServerNetworkManager(FMLServerHandler.java:299) ~[FMLServerHandler.class:?]
	at net.minecraftforge.fml.common.FMLCommonHandler.getClientToServerNetworkManager(FMLCommonHandler.java:555) ~[FMLCommonHandler.class:?]
	at net.minecraftforge.fml.common.network.FMLOutboundHandler$OutboundTarget$10.selectNetworks(FMLOutboundHandler.java:329) ~[FMLOutboundHandler$OutboundTarget$10.class:?]
	at net.minecraftforge.fml.common.network.FMLOutboundHandler.write(FMLOutboundHandler.java:378) ~[FMLOutboundHandler.class:?]
	at io.netty.channel.AbstractChannelHandlerContext.invokeWrite0(AbstractChannelHandlerContext.java:738) ~[minecraft_server.1.12.2.jar:?]
	at io.netty.channel.AbstractChannelHandlerContext.invokeWriteAndFlush(AbstractChannelHandlerContext.java:801) ~[minecraft_server.1.12.2.jar:?]
	at io.netty.channel.AbstractChannelHandlerContext.write(AbstractChannelHandlerContext.java:814) ~[minecraft_server.1.12.2.jar:?]
	at io.netty.channel.AbstractChannelHandlerContext.writeAndFlush(AbstractChannelHandlerContext.java:794) ~[minecraft_server.1.12.2.jar:?]
	at io.netty.channel.AbstractChannelHandlerContext.writeAndFlush(AbstractChannelHandlerContext.java:831) ~[minecraft_server.1.12.2.jar:?]
	at io.netty.channel.DefaultChannelPipeline.writeAndFlush(DefaultChannelPipeline.java:1032) ~[minecraft_server.1.12.2.jar:?]
	at io.netty.channel.AbstractChannel.writeAndFlush(AbstractChannel.java:296) ~[minecraft_server.1.12.2.jar:?]
	at net.minecraftforge.fml.common.network.FMLEventChannel.sendToServer(FMLEventChannel.java:227) [FMLEventChannel.class:?]
	at appeng.core.sync.network.NetworkHandler.sendToServer(NetworkHandler.java:124) [NetworkHandler.class:?]
	at appeng.core.sync.packets.PacketInventoryAction.serverPacketData(PacketInventoryAction.java:189) [PacketInventoryAction.class:?]
	at appeng.core.sync.network.AppEngServerPacketHandler$1.call(AppEngServerPacketHandler.java:50) [AppEngServerPacketHandler$1.class:?]
	at appeng.core.sync.AppEngPacket.processPacket(AppEngPacket.java:108) [AppEngPacket.class:?]
	at net.minecraft.network.PacketThreadUtil$1.run(SourceFile:13) [hv$1.class:?]
	at java.util.concurrent.Executors$RunnableAdapter.call(Executors.java:511) [?:1.8.0_482]
	at java.util.concurrent.FutureTask.run(FutureTask.java:266) [?:1.8.0_482]
	at net.minecraft.util.Util.runTask(SourceFile:529) [h.class:?]
	at net.minecraft.server.MinecraftServer.updateTimeLightAndEntities(MinecraftServer.java:723) [MinecraftServer.class:?]
	at net.minecraft.server.dedicated.DedicatedServer.updateTimeLightAndEntities(DedicatedServer.java:397) [nz.class:?]
	at net.minecraft.server.MinecraftServer.tick(MinecraftServer.java:668) [MinecraftServer.class:?]
	at net.minecraft.server.MinecraftServer.run(MinecraftServer.java:526) [MinecraftServer.class:?]
	at java.lang.Thread.run(Thread.java:750) [?:1.8.0_482]
[01:01:24] [Server thread/ERROR]: NetworkEventFiringHandler exception
java.lang.RuntimeException: Missing
	at net.minecraftforge.fml.server.FMLServerHandler.getClientToServerNetworkManager(FMLServerHandler.java:299) ~[FMLServerHandler.class:?]
	at net.minecraftforge.fml.common.FMLCommonHandler.getClientToServerNetworkManager(FMLCommonHandler.java:555) ~[FMLCommonHandler.class:?]
	at net.minecraftforge.fml.common.network.FMLOutboundHandler$OutboundTarget$10.selectNetworks(FMLOutboundHandler.java:329) ~[FMLOutboundHandler$OutboundTarget$10.class:?]
	at net.minecraftforge.fml.common.network.FMLOutboundHandler.write(FMLOutboundHandler.java:378) ~[FMLOutboundHandler.class:?]
	at io.netty.channel.AbstractChannelHandlerContext.invokeWrite0(AbstractChannelHandlerContext.java:738) ~[minecraft_server.1.12.2.jar:?]
	at io.netty.channel.AbstractChannelHandlerContext.invokeWriteAndFlush(AbstractChannelHandlerContext.java:801) ~[minecraft_server.1.12.2.jar:?]
	at io.netty.channel.AbstractChannelHandlerContext.write(AbstractChannelHandlerContext.java:814) ~[minecraft_server.1.12.2.jar:?]
	at io.netty.channel.AbstractChannelHandlerContext.writeAndFlush(AbstractChannelHandlerContext.java:794) ~[minecraft_server.1.12.2.jar:?]
	at io.netty.channel.AbstractChannelHandlerContext.writeAndFlush(AbstractChannelHandlerContext.java:831) ~[minecraft_server.1.12.2.jar:?]
	at io.netty.channel.DefaultChannelPipeline.writeAndFlush(DefaultChannelPipeline.java:1032) ~[minecraft_server.1.12.2.jar:?]
	at io.netty.channel.AbstractChannel.writeAndFlush(AbstractChannel.java:296) ~[minecraft_server.1.12.2.jar:?]
	at net.minecraftforge.fml.common.network.FMLEventChannel.sendToServer(FMLEventChannel.java:227) [FMLEventChannel.class:?]
	at appeng.core.sync.network.NetworkHandler.sendToServer(NetworkHandler.java:124) [NetworkHandler.class:?]
	at appeng.core.sync.packets.PacketInventoryAction.serverPacketData(PacketInventoryAction.java:189) [PacketInventoryAction.class:?]
	at appeng.core.sync.network.AppEngServerPacketHandler$1.call(AppEngServerPacketHandler.java:50) [AppEngServerPacketHandler$1.class:?]
	at appeng.core.sync.AppEngPacket.processPacket(AppEngPacket.java:108) [AppEngPacket.class:?]
	at net.minecraft.network.PacketThreadUtil$1.run(SourceFile:13) [hv$1.class:?]
	at java.util.concurrent.Executors$RunnableAdapter.call(Executors.java:511) [?:1.8.0_482]
	at java.util.concurrent.FutureTask.run(FutureTask.java:266) [?:1.8.0_482]
	at net.minecraft.util.Util.runTask(SourceFile:529) [h.class:?]
	at net.minecraft.server.MinecraftServer.updateTimeLightAndEntities(MinecraftServer.java:723) [MinecraftServer.class:?]
	at net.minecraft.server.dedicated.DedicatedServer.updateTimeLightAndEntities(DedicatedServer.java:397) [nz.class:?]
	at net.minecraft.server.MinecraftServer.tick(MinecraftServer.java:668) [MinecraftServer.class:?]
	at net.minecraft.server.MinecraftServer.run(MinecraftServer.java:526) [MinecraftServer.class:?]
	at java.lang.Thread.run(Thread.java:750) [?:1.8.0_482]
[01:08:44] [Server thread/ERROR]: NetworkEventFiringHandler exception
java.lang.RuntimeException: Missing
	at net.minecraftforge.fml.server.FMLServerHandler.getClientToServerNetworkManager(FMLServerHandler.java:299) ~[FMLServerHandler.class:?]
	at net.minecraftforge.fml.common.FMLCommonHandler.getClientToServerNetworkManager(FMLCommonHandler.java:555) ~[FMLCommonHandler.class:?]
	at net.minecraftforge.fml.common.network.FMLOutboundHandler$OutboundTarget$10.selectNetworks(FMLOutboundHandler.java:329) ~[FMLOutboundHandler$OutboundTarget$10.class:?]
	at net.minecraftforge.fml.common.network.FMLOutboundHandler.write(FMLOutboundHandler.java:378) ~[FMLOutboundHandler.class:?]
	at io.netty.channel.AbstractChannelHandlerContext.invokeWrite0(AbstractChannelHandlerContext.java:738) ~[minecraft_server.1.12.2.jar:?]
	at io.netty.channel.AbstractChannelHandlerContext.invokeWriteAndFlush(AbstractChannelHandlerContext.java:801) ~[minecraft_server.1.12.2.jar:?]
	at io.netty.channel.AbstractChannelHandlerContext.write(AbstractChannelHandlerContext.java:814) ~[minecraft_server.1.12.2.jar:?]
	at io.netty.channel.AbstractChannelHandlerContext.writeAndFlush(AbstractChannelHandlerContext.java:794) ~[minecraft_server.1.12.2.jar:?]
	at io.netty.channel.AbstractChannelHandlerContext.writeAndFlush(AbstractChannelHandlerContext.java:831) ~[minecraft_server.1.12.2.jar:?]
	at io.netty.channel.DefaultChannelPipeline.writeAndFlush(DefaultChannelPipeline.java:1032) ~[minecraft_server.1.12.2.jar:?]
	at io.netty.channel.AbstractChannel.writeAndFlush(AbstractChannel.java:296) ~[minecraft_server.1.12.2.jar:?]
	at net.minecraftforge.fml.common.network.FMLEventChannel.sendToServer(FMLEventChannel.java:227) [FMLEventChannel.class:?]
	at appeng.core.sync.network.NetworkHandler.sendToServer(NetworkHandler.java:124) [NetworkHandler.class:?]
	at appeng.core.sync.packets.PacketInventoryAction.serverPacketData(PacketInventoryAction.java:189) [PacketInventoryAction.class:?]
	at appeng.core.sync.network.AppEngServerPacketHandler$1.call(AppEngServerPacketHandler.java:50) [AppEngServerPacketHandler$1.class:?]
	at appeng.core.sync.AppEngPacket.processPacket(AppEngPacket.java:108) [AppEngPacket.class:?]
	at net.minecraft.network.PacketThreadUtil$1.run(SourceFile:13) [hv$1.class:?]
	at java.util.concurrent.Executors$RunnableAdapter.call(Executors.java:511) [?:1.8.0_482]
	at java.util.concurrent.FutureTask.run(FutureTask.java:266) [?:1.8.0_482]
	at net.minecraft.util.Util.runTask(SourceFile:529) [h.class:?]
	at net.minecraft.server.MinecraftServer.updateTimeLightAndEntities(MinecraftServer.java:723) [MinecraftServer.class:?]
	at net.minecraft.server.dedicated.DedicatedServer.updateTimeLightAndEntities(DedicatedServer.java:397) [nz.class:?]
	at net.minecraft.server.MinecraftServer.tick(MinecraftServer.java:668) [MinecraftServer.class:?]
	at net.minecraft.server.MinecraftServer.run(MinecraftServer.java:526) [MinecraftServer.class:?]
	at java.lang.Thread.run(Thread.java:750) [?:1.8.0_482]
[01:08:49] [Server thread/ERROR]: NetworkEventFiringHandler exception
java.lang.RuntimeException: Missing
	at net.minecraftforge.fml.server.FMLServerHandler.getClientToServerNetworkManager(FMLServerHandler.java:299) ~[FMLServerHandler.class:?]
	at net.minecraftforge.fml.common.FMLCommonHandler.getClientToServerNetworkManager(FMLCommonHandler.java:555) ~[FMLCommonHandler.class:?]
	at net.minecraftforge.fml.common.network.FMLOutboundHandler$OutboundTarget$10.selectNetworks(FMLOutboundHandler.java:329) ~[FMLOutboundHandler$OutboundTarget$10.class:?]
	at net.minecraftforge.fml.common.network.FMLOutboundHandler.write(FMLOutboundHandler.java:378) ~[FMLOutboundHandler.class:?]
	at io.netty.channel.AbstractChannelHandlerContext.invokeWrite0(AbstractChannelHandlerContext.java:738) ~[minecraft_server.1.12.2.jar:?]
	at io.netty.channel.AbstractChannelHandlerContext.invokeWriteAndFlush(AbstractChannelHandlerContext.java:801) ~[minecraft_server.1.12.2.jar:?]
	at io.netty.channel.AbstractChannelHandlerContext.write(AbstractChannelHandlerContext.java:814) ~[minecraft_server.1.12.2.jar:?]
	at io.netty.channel.AbstractChannelHandlerContext.writeAndFlush(AbstractChannelHandlerContext.java:794) ~[minecraft_server.1.12.2.jar:?]
	at io.netty.channel.AbstractChannelHandlerContext.writeAndFlush(AbstractChannelHandlerContext.java:831) ~[minecraft_server.1.12.2.jar:?]
	at io.netty.channel.DefaultChannelPipeline.writeAndFlush(DefaultChannelPipeline.java:1032) ~[minecraft_server.1.12.2.jar:?]
	at io.netty.channel.AbstractChannel.writeAndFlush(AbstractChannel.java:296) ~[minecraft_server.1.12.2.jar:?]
	at net.minecraftforge.fml.common.network.FMLEventChannel.sendToServer(FMLEventChannel.java:227) [FMLEventChannel.class:?]
	at appeng.core.sync.network.NetworkHandler.sendToServer(NetworkHandler.java:124) [NetworkHandler.class:?]
	at appeng.core.sync.packets.PacketInventoryAction.serverPacketData(PacketInventoryAction.java:189) [PacketInventoryAction.class:?]
	at appeng.core.sync.network.AppEngServerPacketHandler$1.call(AppEngServerPacketHandler.java:50) [AppEngServerPacketHandler$1.class:?]
	at appeng.core.sync.AppEngPacket.processPacket(AppEngPacket.java:108) [AppEngPacket.class:?]
	at net.minecraft.network.PacketThreadUtil$1.run(SourceFile:13) [hv$1.class:?]
	at java.util.concurrent.Executors$RunnableAdapter.call(Executors.java:511) [?:1.8.0_482]
	at java.util.concurrent.FutureTask.run(FutureTask.java:266) [?:1.8.0_482]
	at net.minecraft.util.Util.runTask(SourceFile:529) [h.class:?]
	at net.minecraft.server.MinecraftServer.updateTimeLightAndEntities(MinecraftServer.java:723) [MinecraftServer.class:?]
	at net.minecraft.server.dedicated.DedicatedServer.updateTimeLightAndEntities(DedicatedServer.java:397) [nz.class:?]
	at net.minecraft.server.MinecraftServer.tick(MinecraftServer.java:668) [MinecraftServer.class:?]
	at net.minecraft.server.MinecraftServer.run(MinecraftServer.java:526) [MinecraftServer.class:?]
	at java.lang.Thread.run(Thread.java:750) [?:1.8.0_482]
[01:08:59] [Server thread/ERROR]: NetworkEventFiringHandler exception
java.lang.RuntimeException: Missing
	at net.minecraftforge.fml.server.FMLServerHandler.getClientToServerNetworkManager(FMLServerHandler.java:299) ~[FMLServerHandler.class:?]
	at net.minecraftforge.fml.common.FMLCommonHandler.getClientToServerNetworkManager(FMLCommonHandler.java:555) ~[FMLCommonHandler.class:?]
	at net.minecraftforge.fml.common.network.FMLOutboundHandler$OutboundTarget$10.selectNetworks(FMLOutboundHandler.java:329) ~[FMLOutboundHandler$OutboundTarget$10.class:?]
	at net.minecraftforge.fml.common.network.FMLOutboundHandler.write(FMLOutboundHandler.java:378) ~[FMLOutboundHandler.class:?]
	at io.netty.channel.AbstractChannelHandlerContext.invokeWrite0(AbstractChannelHandlerContext.java:738) ~[minecraft_server.1.12.2.jar:?]
	at io.netty.channel.AbstractChannelHandlerContext.invokeWriteAndFlush(AbstractChannelHandlerContext.java:801) ~[minecraft_server.1.12.2.jar:?]
	at io.netty.channel.AbstractChannelHandlerContext.write(AbstractChannelHandlerContext.java:814) ~[minecraft_server.1.12.2.jar:?]
	at io.netty.channel.AbstractChannelHandlerContext.writeAndFlush(AbstractChannelHandlerContext.java:794) ~[minecraft_server.1.12.2.jar:?]
	at io.netty.channel.AbstractChannelHandlerContext.writeAndFlush(AbstractChannelHandlerContext.java:831) ~[minecraft_server.1.12.2.jar:?]
	at io.netty.channel.DefaultChannelPipeline.writeAndFlush(DefaultChannelPipeline.java:1032) ~[minecraft_server.1.12.2.jar:?]
	at io.netty.channel.AbstractChannel.writeAndFlush(AbstractChannel.java:296) ~[minecraft_server.1.12.2.jar:?]
	at net.minecraftforge.fml.common.network.FMLEventChannel.sendToServer(FMLEventChannel.java:227) [FMLEventChannel.class:?]
	at appeng.core.sync.network.NetworkHandler.sendToServer(NetworkHandler.java:124) [NetworkHandler.class:?]
	at appeng.core.sync.packets.PacketInventoryAction.serverPacketData(PacketInventoryAction.java:189) [PacketInventoryAction.class:?]
	at appeng.core.sync.network.AppEngServerPacketHandler$1.call(AppEngServerPacketHandler.java:50) [AppEngServerPacketHandler$1.class:?]
	at appeng.core.sync.AppEngPacket.processPacket(AppEngPacket.java:108) [AppEngPacket.class:?]
	at net.minecraft.network.PacketThreadUtil$1.run(SourceFile:13) [hv$1.class:?]
	at java.util.concurrent.Executors$RunnableAdapter.call(Executors.java:511) [?:1.8.0_482]
	at java.util.concurrent.FutureTask.run(FutureTask.java:266) [?:1.8.0_482]
	at net.minecraft.util.Util.runTask(SourceFile:529) [h.class:?]
	at net.minecraft.server.MinecraftServer.updateTimeLightAndEntities(MinecraftServer.java:723) [MinecraftServer.class:?]
	at net.minecraft.server.dedicated.DedicatedServer.updateTimeLightAndEntities(DedicatedServer.java:397) [nz.class:?]
	at net.minecraft.server.MinecraftServer.tick(MinecraftServer.java:668) [MinecraftServer.class:?]
	at net.minecraft.server.MinecraftServer.run(MinecraftServer.java:526) [MinecraftServer.class:?]
	at java.lang.Thread.run(Thread.java:750) [?:1.8.0_482]
[01:09:00] [Server thread/ERROR]: NetworkEventFiringHandler exception
java.lang.RuntimeException: Missing
	at net.minecraftforge.fml.server.FMLServerHandler.getClientToServerNetworkManager(FMLServerHandler.java:299) ~[FMLServerHandler.class:?]
	at net.minecraftforge.fml.common.FMLCommonHandler.getClientToServerNetworkManager(FMLCommonHandler.java:555) ~[FMLCommonHandler.class:?]
	at net.minecraftforge.fml.common.network.FMLOutboundHandler$OutboundTarget$10.selectNetworks(FMLOutboundHandler.java:329) ~[FMLOutboundHandler$OutboundTarget$10.class:?]
	at net.minecraftforge.fml.common.network.FMLOutboundHandler.write(FMLOutboundHandler.java:378) ~[FMLOutboundHandler.class:?]
	at io.netty.channel.AbstractChannelHandlerContext.invokeWrite0(AbstractChannelHandlerContext.java:738) ~[minecraft_server.1.12.2.jar:?]
	at io.netty.channel.AbstractChannelHandlerContext.invokeWriteAndFlush(AbstractChannelHandlerContext.java:801) ~[minecraft_server.1.12.2.jar:?]
	at io.netty.channel.AbstractChannelHandlerContext.write(AbstractChannelHandlerContext.java:814) ~[minecraft_server.1.12.2.jar:?]
	at io.netty.channel.AbstractChannelHandlerContext.writeAndFlush(AbstractChannelHandlerContext.java:794) ~[minecraft_server.1.12.2.jar:?]
	at io.netty.channel.AbstractChannelHandlerContext.writeAndFlush(AbstractChannelHandlerContext.java:831) ~[minecraft_server.1.12.2.jar:?]
	at io.netty.channel.DefaultChannelPipeline.writeAndFlush(DefaultChannelPipeline.java:1032) ~[minecraft_server.1.12.2.jar:?]
	at io.netty.channel.AbstractChannel.writeAndFlush(AbstractChannel.java:296) ~[minecraft_server.1.12.2.jar:?]
	at net.minecraftforge.fml.common.network.FMLEventChannel.sendToServer(FMLEventChannel.java:227) [FMLEventChannel.class:?]
	at appeng.core.sync.network.NetworkHandler.sendToServer(NetworkHandler.java:124) [NetworkHandler.class:?]
	at appeng.core.sync.packets.PacketInventoryAction.serverPacketData(PacketInventoryAction.java:189) [PacketInventoryAction.class:?]
	at appeng.core.sync.network.AppEngServerPacketHandler$1.call(AppEngServerPacketHandler.java:50) [AppEngServerPacketHandler$1.class:?]
	at appeng.core.sync.AppEngPacket.processPacket(AppEngPacket.java:108) [AppEngPacket.class:?]
	at net.minecraft.network.PacketThreadUtil$1.run(SourceFile:13) [hv$1.class:?]
	at java.util.concurrent.Executors$RunnableAdapter.call(Executors.java:511) [?:1.8.0_482]
	at java.util.concurrent.FutureTask.run(FutureTask.java:266) [?:1.8.0_482]
	at net.minecraft.util.Util.runTask(SourceFile:529) [h.class:?]
	at net.minecraft.server.MinecraftServer.updateTimeLightAndEntities(MinecraftServer.java:723) [MinecraftServer.class:?]
	at net.minecraft.server.dedicated.DedicatedServer.updateTimeLightAndEntities(DedicatedServer.java:397) [nz.class:?]
	at net.minecraft.server.MinecraftServer.tick(MinecraftServer.java:668) [MinecraftServer.class:?]
	at net.minecraft.server.MinecraftServer.run(MinecraftServer.java:526) [MinecraftServer.class:?]
	at java.lang.Thread.run(Thread.java:750) [?:1.8.0_482]
[01:09:18] [Server thread/ERROR]: NetworkEventFiringHandler exception
java.lang.RuntimeException: Missing
	at net.minecraftforge.fml.server.FMLServerHandler.getClientToServerNetworkManager(FMLServerHandler.java:299) ~[FMLServerHandler.class:?]
	at net.minecraftforge.fml.common.FMLCommonHandler.getClientToServerNetworkManager(FMLCommonHandler.java:555) ~[FMLCommonHandler.class:?]
	at net.minecraftforge.fml.common.network.FMLOutboundHandler$OutboundTarget$10.selectNetworks(FMLOutboundHandler.java:329) ~[FMLOutboundHandler$OutboundTarget$10.class:?]
	at net.minecraftforge.fml.common.network.FMLOutboundHandler.write(FMLOutboundHandler.java:378) ~[FMLOutboundHandler.class:?]
	at io.netty.channel.AbstractChannelHandlerContext.invokeWrite0(AbstractChannelHandlerContext.java:738) ~[minecraft_server.1.12.2.jar:?]
	at io.netty.channel.AbstractChannelHandlerContext.invokeWriteAndFlush(AbstractChannelHandlerContext.java:801) ~[minecraft_server.1.12.2.jar:?]
	at io.netty.channel.AbstractChannelHandlerContext.write(AbstractChannelHandlerContext.java:814) ~[minecraft_server.1.12.2.jar:?]
	at io.netty.channel.AbstractChannelHandlerContext.writeAndFlush(AbstractChannelHandlerContext.java:794) ~[minecraft_server.1.12.2.jar:?]
	at io.netty.channel.AbstractChannelHandlerContext.writeAndFlush(AbstractChannelHandlerContext.java:831) ~[minecraft_server.1.12.2.jar:?]
	at io.netty.channel.DefaultChannelPipeline.writeAndFlush(DefaultChannelPipeline.java:1032) ~[minecraft_server.1.12.2.jar:?]
	at io.netty.channel.AbstractChannel.writeAndFlush(AbstractChannel.java:296) ~[minecraft_server.1.12.2.jar:?]
	at net.minecraftforge.fml.common.network.FMLEventChannel.sendToServer(FMLEventChannel.java:227) [FMLEventChannel.class:?]
	at appeng.core.sync.network.NetworkHandler.sendToServer(NetworkHandler.java:124) [NetworkHandler.class:?]
	at appeng.core.sync.packets.PacketInventoryAction.serverPacketData(PacketInventoryAction.java:189) [PacketInventoryAction.class:?]
	at appeng.core.sync.network.AppEngServerPacketHandler$1.call(AppEngServerPacketHandler.java:50) [AppEngServerPacketHandler$1.class:?]
	at appeng.core.sync.AppEngPacket.processPacket(AppEngPacket.java:108) [AppEngPacket.class:?]
	at net.minecraft.network.PacketThreadUtil$1.run(SourceFile:13) [hv$1.class:?]
	at java.util.concurrent.Executors$RunnableAdapter.call(Executors.java:511) [?:1.8.0_482]
	at java.util.concurrent.FutureTask.run(FutureTask.java:266) [?:1.8.0_482]
	at net.minecraft.util.Util.runTask(SourceFile:529) [h.class:?]
	at net.minecraft.server.MinecraftServer.updateTimeLightAndEntities(MinecraftServer.java:723) [MinecraftServer.class:?]
	at net.minecraft.server.dedicated.DedicatedServer.updateTimeLightAndEntities(DedicatedServer.java:397) [nz.class:?]
	at net.minecraft.server.MinecraftServer.tick(MinecraftServer.java:668) [MinecraftServer.class:?]
	at net.minecraft.server.MinecraftServer.run(MinecraftServer.java:526) [MinecraftServer.class:?]
	at java.lang.Thread.run(Thread.java:750) [?:1.8.0_482]
[01:13:33] [Server thread/ERROR]: NetworkEventFiringHandler exception
java.lang.RuntimeException: Missing
	at net.minecraftforge.fml.server.FMLServerHandler.getClientToServerNetworkManager(FMLServerHandler.java:299) ~[FMLServerHandler.class:?]
	at net.minecraftforge.fml.common.FMLCommonHandler.getClientToServerNetworkManager(FMLCommonHandler.java:555) ~[FMLCommonHandler.class:?]
	at net.minecraftforge.fml.common.network.FMLOutboundHandler$OutboundTarget$10.selectNetworks(FMLOutboundHandler.java:329) ~[FMLOutboundHandler$OutboundTarget$10.class:?]
	at net.minecraftforge.fml.common.network.FMLOutboundHandler.write(FMLOutboundHandler.java:378) ~[FMLOutboundHandler.class:?]
	at io.netty.channel.AbstractChannelHandlerContext.invokeWrite0(AbstractChannelHandlerContext.java:738) ~[minecraft_server.1.12.2.jar:?]
	at io.netty.channel.AbstractChannelHandlerContext.invokeWriteAndFlush(AbstractChannelHandlerContext.java:801) ~[minecraft_server.1.12.2.jar:?]
	at io.netty.channel.AbstractChannelHandlerContext.write(AbstractChannelHandlerContext.java:814) ~[minecraft_server.1.12.2.jar:?]
	at io.netty.channel.AbstractChannelHandlerContext.writeAndFlush(AbstractChannelHandlerContext.java:794) ~[minecraft_server.1.12.2.jar:?]
	at io.netty.channel.AbstractChannelHandlerContext.writeAndFlush(AbstractChannelHandlerContext.java:831) ~[minecraft_server.1.12.2.jar:?]
	at io.netty.channel.DefaultChannelPipeline.writeAndFlush(DefaultChannelPipeline.java:1032) ~[minecraft_server.1.12.2.jar:?]
	at io.netty.channel.AbstractChannel.writeAndFlush(AbstractChannel.java:296) ~[minecraft_server.1.12.2.jar:?]
	at net.minecraftforge.fml.common.network.FMLEventChannel.sendToServer(FMLEventChannel.java:227) [FMLEventChannel.class:?]
	at appeng.core.sync.network.NetworkHandler.sendToServer(NetworkHandler.java:124) [NetworkHandler.class:?]
	at appeng.core.sync.packets.PacketInventoryAction.serverPacketData(PacketInventoryAction.java:189) [PacketInventoryAction.class:?]
	at appeng.core.sync.network.AppEngServerPacketHandler$1.call(AppEngServerPacketHandler.java:50) [AppEngServerPacketHandler$1.class:?]
	at appeng.core.sync.AppEngPacket.processPacket(AppEngPacket.java:108) [AppEngPacket.class:?]
	at net.minecraft.network.PacketThreadUtil$1.run(SourceFile:13) [hv$1.class:?]
	at java.util.concurrent.Executors$RunnableAdapter.call(Executors.java:511) [?:1.8.0_482]
	at java.util.concurrent.FutureTask.run(FutureTask.java:266) [?:1.8.0_482]
	at net.minecraft.util.Util.runTask(SourceFile:529) [h.class:?]
	at net.minecraft.server.MinecraftServer.updateTimeLightAndEntities(MinecraftServer.java:723) [MinecraftServer.class:?]
	at net.minecraft.server.dedicated.DedicatedServer.updateTimeLightAndEntities(DedicatedServer.java:397) [nz.class:?]
	at net.minecraft.server.MinecraftServer.tick(MinecraftServer.java:668) [MinecraftServer.class:?]
	at net.minecraft.server.MinecraftServer.run(MinecraftServer.java:526) [MinecraftServer.class:?]
	at java.lang.Thread.run(Thread.java:750) [?:1.8.0_482]
[01:13:52] [Server thread/ERROR]: NetworkEventFiringHandler exception
java.lang.RuntimeException: Missing
	at net.minecraftforge.fml.server.FMLServerHandler.getClientToServerNetworkManager(FMLServerHandler.java:299) ~[FMLServerHandler.class:?]
	at net.minecraftforge.fml.common.FMLCommonHandler.getClientToServerNetworkManager(FMLCommonHandler.java:555) ~[FMLCommonHandler.class:?]
	at net.minecraftforge.fml.common.network.FMLOutboundHandler$OutboundTarget$10.selectNetworks(FMLOutboundHandler.java:329) ~[FMLOutboundHandler$OutboundTarget$10.class:?]
	at net.minecraftforge.fml.common.network.FMLOutboundHandler.write(FMLOutboundHandler.java:378) ~[FMLOutboundHandler.class:?]
	at io.netty.channel.AbstractChannelHandlerContext.invokeWrite0(AbstractChannelHandlerContext.java:738) ~[minecraft_server.1.12.2.jar:?]
	at io.netty.channel.AbstractChannelHandlerContext.invokeWriteAndFlush(AbstractChannelHandlerContext.java:801) ~[minecraft_server.1.12.2.jar:?]
	at io.netty.channel.AbstractChannelHandlerContext.write(AbstractChannelHandlerContext.java:814) ~[minecraft_server.1.12.2.jar:?]
	at io.netty.channel.AbstractChannelHandlerContext.writeAndFlush(AbstractChannelHandlerContext.java:794) ~[minecraft_server.1.12.2.jar:?]
	at io.netty.channel.AbstractChannelHandlerContext.writeAndFlush(AbstractChannelHandlerContext.java:831) ~[minecraft_server.1.12.2.jar:?]
	at io.netty.channel.DefaultChannelPipeline.writeAndFlush(DefaultChannelPipeline.java:1032) ~[minecraft_server.1.12.2.jar:?]
	at io.netty.channel.AbstractChannel.writeAndFlush(AbstractChannel.java:296) ~[minecraft_server.1.12.2.jar:?]
	at net.minecraftforge.fml.common.network.FMLEventChannel.sendToServer(FMLEventChannel.java:227) [FMLEventChannel.class:?]
	at appeng.core.sync.network.NetworkHandler.sendToServer(NetworkHandler.java:124) [NetworkHandler.class:?]
	at appeng.core.sync.packets.PacketInventoryAction.serverPacketData(PacketInventoryAction.java:189) [PacketInventoryAction.class:?]
	at appeng.core.sync.network.AppEngServerPacketHandler$1.call(AppEngServerPacketHandler.java:50) [AppEngServerPacketHandler$1.class:?]
	at appeng.core.sync.AppEngPacket.processPacket(AppEngPacket.java:108) [AppEngPacket.class:?]
	at net.minecraft.network.PacketThreadUtil$1.run(SourceFile:13) [hv$1.class:?]
	at java.util.concurrent.Executors$RunnableAdapter.call(Executors.java:511) [?:1.8.0_482]
	at java.util.concurrent.FutureTask.run(FutureTask.java:266) [?:1.8.0_482]
	at net.minecraft.util.Util.runTask(SourceFile:529) [h.class:?]
	at net.minecraft.server.MinecraftServer.updateTimeLightAndEntities(MinecraftServer.java:723) [MinecraftServer.class:?]
	at net.minecraft.server.dedicated.DedicatedServer.updateTimeLightAndEntities(DedicatedServer.java:397) [nz.class:?]
	at net.minecraft.server.MinecraftServer.tick(MinecraftServer.java:668) [MinecraftServer.class:?]
	at net.minecraft.server.MinecraftServer.run(MinecraftServer.java:526) [MinecraftServer.class:?]
	at java.lang.Thread.run(Thread.java:750) [?:1.8.0_482]
[01:14:20] [Server thread/ERROR]: NetworkEventFiringHandler exception
java.lang.RuntimeException: Missing
	at net.minecraftforge.fml.server.FMLServerHandler.getClientToServerNetworkManager(FMLServerHandler.java:299) ~[FMLServerHandler.class:?]
	at net.minecraftforge.fml.common.FMLCommonHandler.getClientToServerNetworkManager(FMLCommonHandler.java:555) ~[FMLCommonHandler.class:?]
	at net.minecraftforge.fml.common.network.FMLOutboundHandler$OutboundTarget$10.selectNetworks(FMLOutboundHandler.java:329) ~[FMLOutboundHandler$OutboundTarget$10.class:?]
	at net.minecraftforge.fml.common.network.FMLOutboundHandler.write(FMLOutboundHandler.java:378) ~[FMLOutboundHandler.class:?]
	at io.netty.channel.AbstractChannelHandlerContext.invokeWrite0(AbstractChannelHandlerContext.java:738) ~[minecraft_server.1.12.2.jar:?]
	at io.netty.channel.AbstractChannelHandlerContext.invokeWriteAndFlush(AbstractChannelHandlerContext.java:801) ~[minecraft_server.1.12.2.jar:?]
	at io.netty.channel.AbstractChannelHandlerContext.write(AbstractChannelHandlerContext.java:814) ~[minecraft_server.1.12.2.jar:?]
	at io.netty.channel.AbstractChannelHandlerContext.writeAndFlush(AbstractChannelHandlerContext.java:794) ~[minecraft_server.1.12.2.jar:?]
	at io.netty.channel.AbstractChannelHandlerContext.writeAndFlush(AbstractChannelHandlerContext.java:831) ~[minecraft_server.1.12.2.jar:?]
	at io.netty.channel.DefaultChannelPipeline.writeAndFlush(DefaultChannelPipeline.java:1032) ~[minecraft_server.1.12.2.jar:?]
	at io.netty.channel.AbstractChannel.writeAndFlush(AbstractChannel.java:296) ~[minecraft_server.1.12.2.jar:?]
	at net.minecraftforge.fml.common.network.FMLEventChannel.sendToServer(FMLEventChannel.java:227) [FMLEventChannel.class:?]
	at appeng.core.sync.network.NetworkHandler.sendToServer(NetworkHandler.java:124) [NetworkHandler.class:?]
	at appeng.core.sync.packets.PacketInventoryAction.serverPacketData(PacketInventoryAction.java:189) [PacketInventoryAction.class:?]
	at appeng.core.sync.network.AppEngServerPacketHandler$1.call(AppEngServerPacketHandler.java:50) [AppEngServerPacketHandler$1.class:?]
	at appeng.core.sync.AppEngPacket.processPacket(AppEngPacket.java:108) [AppEngPacket.class:?]
	at net.minecraft.network.PacketThreadUtil$1.run(SourceFile:13) [hv$1.class:?]
	at java.util.concurrent.Executors$RunnableAdapter.call(Executors.java:511) [?:1.8.0_482]
	at java.util.concurrent.FutureTask.run(FutureTask.java:266) [?:1.8.0_482]
	at net.minecraft.util.Util.runTask(SourceFile:529) [h.class:?]
	at net.minecraft.server.MinecraftServer.updateTimeLightAndEntities(MinecraftServer.java:723) [MinecraftServer.class:?]
	at net.minecraft.server.dedicated.DedicatedServer.updateTimeLightAndEntities(DedicatedServer.java:397) [nz.class:?]
	at net.minecraft.server.MinecraftServer.tick(MinecraftServer.java:668) [MinecraftServer.class:?]
	at net.minecraft.server.MinecraftServer.run(MinecraftServer.java:526) [MinecraftServer.class:?]
	at java.lang.Thread.run(Thread.java:750) [?:1.8.0_482]
[01:15:15] [Server thread/ERROR]: NetworkEventFiringHandler exception
java.lang.RuntimeException: Missing
	at net.minecraftforge.fml.server.FMLServerHandler.getClientToServerNetworkManager(FMLServerHandler.java:299) ~[FMLServerHandler.class:?]
	at net.minecraftforge.fml.common.FMLCommonHandler.getClientToServerNetworkManager(FMLCommonHandler.java:555) ~[FMLCommonHandler.class:?]
	at net.minecraftforge.fml.common.network.FMLOutboundHandler$OutboundTarget$10.selectNetworks(FMLOutboundHandler.java:329) ~[FMLOutboundHandler$OutboundTarget$10.class:?]
	at net.minecraftforge.fml.common.network.FMLOutboundHandler.write(FMLOutboundHandler.java:378) ~[FMLOutboundHandler.class:?]
	at io.netty.channel.AbstractChannelHandlerContext.invokeWrite0(AbstractChannelHandlerContext.java:738) ~[minecraft_server.1.12.2.jar:?]
	at io.netty.channel.AbstractChannelHandlerContext.invokeWriteAndFlush(AbstractChannelHandlerContext.java:801) ~[minecraft_server.1.12.2.jar:?]
	at io.netty.channel.AbstractChannelHandlerContext.write(AbstractChannelHandlerContext.java:814) ~[minecraft_server.1.12.2.jar:?]
	at io.netty.channel.AbstractChannelHandlerContext.writeAndFlush(AbstractChannelHandlerContext.java:794) ~[minecraft_server.1.12.2.jar:?]
	at io.netty.channel.AbstractChannelHandlerContext.writeAndFlush(AbstractChannelHandlerContext.java:831) ~[minecraft_server.1.12.2.jar:?]
	at io.netty.channel.DefaultChannelPipeline.writeAndFlush(DefaultChannelPipeline.java:1032) ~[minecraft_server.1.12.2.jar:?]
	at io.netty.channel.AbstractChannel.writeAndFlush(AbstractChannel.java:296) ~[minecraft_server.1.12.2.jar:?]
	at net.minecraftforge.fml.common.network.FMLEventChannel.sendToServer(FMLEventChannel.java:227) [FMLEventChannel.class:?]
	at appeng.core.sync.network.NetworkHandler.sendToServer(NetworkHandler.java:124) [NetworkHandler.class:?]
	at appeng.core.sync.packets.PacketInventoryAction.serverPacketData(PacketInventoryAction.java:189) [PacketInventoryAction.class:?]
	at appeng.core.sync.network.AppEngServerPacketHandler$1.call(AppEngServerPacketHandler.java:50) [AppEngServerPacketHandler$1.class:?]
	at appeng.core.sync.AppEngPacket.processPacket(AppEngPacket.java:108) [AppEngPacket.class:?]
	at net.minecraft.network.PacketThreadUtil$1.run(SourceFile:13) [hv$1.class:?]
	at java.util.concurrent.Executors$RunnableAdapter.call(Executors.java:511) [?:1.8.0_482]
	at java.util.concurrent.FutureTask.run(FutureTask.java:266) [?:1.8.0_482]
	at net.minecraft.util.Util.runTask(SourceFile:529) [h.class:?]
	at net.minecraft.server.MinecraftServer.updateTimeLightAndEntities(MinecraftServer.java:723) [MinecraftServer.class:?]
	at net.minecraft.server.dedicated.DedicatedServer.updateTimeLightAndEntities(DedicatedServer.java:397) [nz.class:?]
	at net.minecraft.server.MinecraftServer.tick(MinecraftServer.java:668) [MinecraftServer.class:?]
	at net.minecraft.server.MinecraftServer.run(MinecraftServer.java:526) [MinecraftServer.class:?]
	at java.lang.Thread.run(Thread.java:750) [?:1.8.0_482]
[01:17:54] [Server thread/WARN]: Can't keep up! Did the system time change, or is the server overloaded? Running 3017ms behind, skipping 60 tick(s)
[01:22:24] [Server thread/ERROR]: NetworkEventFiringHandler exception
java.lang.RuntimeException: Missing
	at net.minecraftforge.fml.server.FMLServerHandler.getClientToServerNetworkManager(FMLServerHandler.java:299) ~[FMLServerHandler.class:?]
	at net.minecraftforge.fml.common.FMLCommonHandler.getClientToServerNetworkManager(FMLCommonHandler.java:555) ~[FMLCommonHandler.class:?]
	at net.minecraftforge.fml.common.network.FMLOutboundHandler$OutboundTarget$10.selectNetworks(FMLOutboundHandler.java:329) ~[FMLOutboundHandler$OutboundTarget$10.class:?]
	at net.minecraftforge.fml.common.network.FMLOutboundHandler.write(FMLOutboundHandler.java:378) ~[FMLOutboundHandler.class:?]
	at io.netty.channel.AbstractChannelHandlerContext.invokeWrite0(AbstractChannelHandlerContext.java:738) ~[minecraft_server.1.12.2.jar:?]
	at io.netty.channel.AbstractChannelHandlerContext.invokeWriteAndFlush(AbstractChannelHandlerContext.java:801) ~[minecraft_server.1.12.2.jar:?]
	at io.netty.channel.AbstractChannelHandlerContext.write(AbstractChannelHandlerContext.java:814) ~[minecraft_server.1.12.2.jar:?]
	at io.netty.channel.AbstractChannelHandlerContext.writeAndFlush(AbstractChannelHandlerContext.java:794) ~[minecraft_server.1.12.2.jar:?]
	at io.netty.channel.AbstractChannelHandlerContext.writeAndFlush(AbstractChannelHandlerContext.java:831) ~[minecraft_server.1.12.2.jar:?]
	at io.netty.channel.DefaultChannelPipeline.writeAndFlush(DefaultChannelPipeline.java:1032) ~[minecraft_server.1.12.2.jar:?]
	at io.netty.channel.AbstractChannel.writeAndFlush(AbstractChannel.java:296) ~[minecraft_server.1.12.2.jar:?]
	at net.minecraftforge.fml.common.network.FMLEventChannel.sendToServer(FMLEventChannel.java:227) [FMLEventChannel.class:?]
	at appeng.core.sync.network.NetworkHandler.sendToServer(NetworkHandler.java:124) [NetworkHandler.class:?]
	at appeng.core.sync.packets.PacketInventoryAction.serverPacketData(PacketInventoryAction.java:189) [PacketInventoryAction.class:?]
	at appeng.core.sync.network.AppEngServerPacketHandler$1.call(AppEngServerPacketHandler.java:50) [AppEngServerPacketHandler$1.class:?]
	at appeng.core.sync.AppEngPacket.processPacket(AppEngPacket.java:108) [AppEngPacket.class:?]
	at net.minecraft.network.PacketThreadUtil$1.run(SourceFile:13) [hv$1.class:?]
	at java.util.concurrent.Executors$RunnableAdapter.call(Executors.java:511) [?:1.8.0_482]
	at java.util.concurrent.FutureTask.run(FutureTask.java:266) [?:1.8.0_482]
	at net.minecraft.util.Util.runTask(SourceFile:529) [h.class:?]
	at net.minecraft.server.MinecraftServer.updateTimeLightAndEntities(MinecraftServer.java:723) [MinecraftServer.class:?]
	at net.minecraft.server.dedicated.DedicatedServer.updateTimeLightAndEntities(DedicatedServer.java:397) [nz.class:?]
	at net.minecraft.server.MinecraftServer.tick(MinecraftServer.java:668) [MinecraftServer.class:?]
	at net.minecraft.server.MinecraftServer.run(MinecraftServer.java:526) [MinecraftServer.class:?]
	at java.lang.Thread.run(Thread.java:750) [?:1.8.0_482]
[01:26:45] [Server thread/INFO]: §dServer Backup started!§r
[01:26:45] [File IO Thread/INFO]: Deleting old backup: 2026-02-17-22-56-44.zip
[01:26:45] [File IO Thread/INFO]: Backing up 563 files...
[01:26:45] [File IO Thread/INFO]: Compressing 563 files...
[01:27:16] [File IO Thread/INFO]: Done compressing in 00:30 seconds (170.9MB)!
[01:27:16] [File IO Thread/INFO]: Created /workspaces/imsopoor/nomifactory/./backups/2026-02-18-01-26-45.zip from /workspaces/imsopoor/nomifactory/./world
[01:27:16] [File IO Thread/INFO]: §dServer backup done in §r§d00:30§r§d! (§r§d170.9MB | 854.3MB§r§d)§r
[01:56:45] [Server thread/INFO]: §dServer Backup started!§r
[01:56:45] [File IO Thread/INFO]: Deleting old backup: 2026-02-17-23-26-45.zip
[01:56:45] [File IO Thread/INFO]: Backing up 563 files...
[01:56:45] [File IO Thread/INFO]: Compressing 563 files...
[01:57:20] [File IO Thread/INFO]: Done compressing in 00:35 seconds (170.9MB)!
[01:57:21] [File IO Thread/INFO]: Created /workspaces/imsopoor/nomifactory/./backups/2026-02-18-01-56-45.zip from /workspaces/imsopoor/nomifactory/./world
[01:57:21] [File IO Thread/INFO]: §dServer backup done in §r§d00:35§r§d! (§r§d170.9MB | 854.3MB§r§d)§r
[01:57:24] [Server thread/WARN]: Delpion moved too quickly! 0.6625370030326394,-0.4800000000000182,-10.299750559374019
[02:06:54] [Server thread/WARN]: Can't keep up! Did the system time change, or is the server overloaded? Running 4219ms behind, skipping 84 tick(s)
[02:09:57] [Server thread/WARN]: Fetching addPacket for removed entity
[02:17:15] [Server thread/INFO]: §7§o[§r§7§oDelpion§r§7§o: §r§7§oSet own game mode to §r§7§oCreative Mode§r§7§o]§r
[02:17:23] [Server thread/INFO]: §7§o[§r§7§oDelpion§r§7§o: §r§7§oSet own game mode to §r§7§oSurvival Mode§r§7§o]§r
[02:19:31] [Server thread/INFO]: Delpion lost connection: Disconnected
[02:19:31] [Server thread/INFO]: §eDelpion§r§e left the game§r
[02:19:31] [Server thread/INFO]: [voicechat] Disconnecting client Delpion
[02:19:41] [Server thread/INFO]: Stopping the server§r
[02:19:41] [Server thread/INFO]: Stopping server
[02:19:41] [Server thread/INFO]: Saving players
[02:19:41] [Server thread/INFO]: Saving worlds
[02:19:41] [Server thread/INFO]: Saving chunks for level 'world'/overworld
[02:19:42] [Server thread/INFO]: Saving chunks for level 'world'/Storage Cell
[02:19:42] [Server thread/INFO]: Saving chunks for level 'world'/JED Surface Loaded 0
[02:19:42] [Server thread/INFO]: Unloading dimension 0
[02:19:42] [Server thread/INFO]: Unloading dimension 2
[02:19:42] [Server thread/INFO]: Unloading dimension 119
[02:19:42] [Server thread/INFO]: Unloaded WorldData!
[02:19:42] [Server thread/INFO]: Reloading the main configs from file '/workspaces/imsopoor/nomifactory/config/justenoughdimensions/justenoughdimensions.cfg'
[02:19:42] [Server thread/INFO]: Server Closing...
[02:19:43] [Server Shutdown Thread/INFO]: Stopping server
