[01:41:56] [Server thread/INFO] [net.minecraft.server.dedicated.DedicatedServer]: Stopping the server
[01:41:56] [Server thread/INFO] [net.minecraft.server.dedicated.DedicatedServer]: Server Backup started!
[01:41:57] [Server thread/INFO] [net.minecraft.server.MinecraftServer]: Stopping server
[01:41:57] [Server thread/INFO] [net.minecraft.server.MinecraftServer]: Saving players
[01:41:57] [Server thread/INFO] [net.minecraft.server.MinecraftServer]: Saving worlds
[01:41:57] [File IO Thread/INFO] [FTB Backups]: Backing up 542 files...
[01:41:57] [Server thread/INFO] [net.minecraft.server.MinecraftServer]: Saving chunks for level 'world'/overworld
[01:41:57] [File IO Thread/INFO] [FTB Backups]: Compressing 542 files...
[01:41:57] [Server thread/INFO] [net.minecraft.server.MinecraftServer]: Saving chunks for level 'world'/Storage Cell
[01:41:57] [Server thread/INFO] [net.minecraft.server.MinecraftServer]: Saving chunks for level 'world'/JED Surface Loaded 0
[01:42:18] [File IO Thread/INFO] [FTB Backups]: Done compressing in 00:21 seconds (146.5MB)!
[01:42:18] [File IO Thread/INFO] [FTB Backups]: Created /workspaces/imreallypoor/Omnifactory/Omnifactory 1.3.2 Server/./backups/2026-02-08-01-41-56.zip from /workspaces/imreallypoor/Omnifactory/Omnifactory 1.3.2 Server/./world
[01:42:18] [File IO Thread/INFO] [net.minecraft.server.dedicated.DedicatedServer]: Server backup done in 00:21! (146.5MB | 2.7GB)
[01:42:19] [Server thread/INFO] [FML]: Unloading dimension 0
[01:42:19] [Server thread/INFO] [FML]: Unloading dimension 2
[01:42:19] [Server thread/INFO] [FML]: Unloading dimension 119
[01:42:19] [Server thread/INFO] [Actually Additions]: Unloaded WorldData!
[01:42:20] [Server thread/INFO] [justenoughdimensions]: Reloading the main configs from file '/workspaces/imreallypoor/Omnifactory/Omnifactory 1.3.2 Server/config/justenoughdimensions/justenoughdimensions.cfg'
[01:42:20] [Server thread/INFO] [nuclearcraft]: Server Closing...
[01:42:20] [Server thread/INFO] [topography]: Cleaning up
[01:42:20] [Server thread/INFO] [topography]: Done clean-up
[01:42:20] [Server Shutdown Thread/INFO] [net.minecraft.server.MinecraftServer]: Stopping server
[01:42:20] [Server Shutdown Thread/INFO] [net.minecraft.server.MinecraftServer]: Saving players
[01:42:20] [Server Shutdown Thread/INFO] [net.minecraft.server.MinecraftServer]: Saving worlds
