[PREINITIALIZATION][SERVER][INFO] Thank you to the Patreon supporters below and others who make CraftTweaker possible!
Hooley
Zuniroa
Spencer Gilbert
Genryu
Lucas
Jessie Sims
Quaternary
Ncc1702
NickT
NerdyWhiteGuy
Jordan Pineo
DreamThorn
Jellycraft
Peregrinus11
Jonathan McManus
Pongo Sapiens
Ivy_
embeddedt
Belathus
If you want to support the mod, checkout https://patreon.com/jaredlll08?s=crtmod

[PREINITIALIZATION][SERVER][INFO] Current loaders after merging: [[preinit]]
[PREINITIALIZATION][SERVER][INFO] Loading scripts for loader with names [preinit]
[PREINITIALIZATION][SERVER][INFO] IgnoreBracketErrorPreprocessor found in {[0:crafttweaker]: ModSpecific/AppliedEnergistics2.zs}, ignoring errors in that file
[PREINITIALIZATION][SERVER][INFO] [preinit | SIDE_SERVER]: Skipping file {[999:crafttweaker]: CommonVars.zs} as we are currently loading with a different loader
[PREINITIALIZATION][SERVER][INFO] [preinit | SIDE_SERVER]: Skipping file {[998:crafttweaker]: _oreDict.zs} as we are currently loading with a different loader
[PREINITIALIZATION][SERVER][INFO] [preinit | SIDE_SERVER]: Skipping file {[0:crafttweaker]: ActuallyAdditions.zs} as we are currently loading with a different loader
[PREINITIALIZATION][SERVER][INFO] [preinit | SIDE_SERVER]: Skipping file {[0:crafttweaker]: AdvRocketry.zs} as we are currently loading with a different loader
[PREINITIALIZATION][SERVER][INFO] [preinit | SIDE_SERVER]: Skipping file {[0:crafttweaker]: AE2.zs} as we are currently loading with a different loader
[PREINITIALIZATION][SERVER][INFO] [preinit | SIDE_SERVER]: Skipping file {[0:crafttweaker]: Alchemy.zs} as we are currently loading with a different loader
[PREINITIALIZATION][SERVER][INFO] [preinit | SIDE_SERVER]: Skipping file {[0:crafttweaker]: Armors.zs} as we are currently loading with a different loader
[PREINITIALIZATION][SERVER][INFO] [preinit | SIDE_SERVER]: Skipping file {[0:crafttweaker]: AssemblyLine.zs} as we are currently loading with a different loader
[PREINITIALIZATION][SERVER][INFO] [preinit | SIDE_SERVER]: Skipping file {[0:crafttweaker]: BlastFurnace.zs} as we are currently loading with a different loader
[PREINITIALIZATION][SERVER][INFO] [preinit | SIDE_SERVER]: Skipping file {[0:crafttweaker]: Bountiful.zs} as we are currently loading with a different loader
[PREINITIALIZATION][SERVER][INFO] [preinit | SIDE_SERVER]: Skipping file {[0:contenttweaker]: ContentTweaker.zs} as we are currently loading with a different loader
[PREINITIALIZATION][SERVER][INFO] [preinit | SIDE_SERVER]: Skipping file {[0:crafttweaker]: CraftingCoreUpgrade.zs} as we are currently loading with a different loader
[PREINITIALIZATION][SERVER][INFO] [preinit | SIDE_SERVER]: Skipping file {[0:crafttweaker]: CustomWrench.zs} as we are currently loading with a different loader
[PREINITIALIZATION][SERVER][INFO] [preinit | SIDE_SERVER]: Skipping file {[0:crafttweaker]: Darkutils.zs} as we are currently loading with a different loader
[PREINITIALIZATION][SERVER][INFO] [preinit | SIDE_SERVER]: Skipping file {[0:crafttweaker]: DistillationTower.zs} as we are currently loading with a different loader
[PREINITIALIZATION][SERVER][INFO] [preinit | SIDE_SERVER]: Skipping file {[0:crafttweaker]: DraconicEvolution.zs} as we are currently loading with a different loader
[PREINITIALIZATION][SERVER][INFO] [preinit | SIDE_SERVER]: Skipping file {[0:crafttweaker]: Earlygame.zs} as we are currently loading with a different loader
[PREINITIALIZATION][SERVER][INFO] [preinit | SIDE_SERVER]: Skipping file {[0:crafttweaker]: Electronics.zs} as we are currently loading with a different loader
[PREINITIALIZATION][SERVER][INFO] [preinit | SIDE_SERVER]: Skipping file {[0:crafttweaker]: EnderIO.zs} as we are currently loading with a different loader
[PREINITIALIZATION][SERVER][INFO] [preinit | SIDE_SERVER]: Skipping file {[0:crafttweaker]: Endgame.zs} as we are currently loading with a different loader
[PREINITIALIZATION][SERVER][INFO] [preinit | SIDE_SERVER]: Skipping file {[0:crafttweaker]: ExtendedCrafting.zs} as we are currently loading with a different loader
[PREINITIALIZATION][SERVER][INFO] [preinit | SIDE_SERVER]: Skipping file {[0:crafttweaker]: HandFraming.zs} as we are currently loading with a different loader
[PREINITIALIZATION][SERVER][INFO] [preinit | SIDE_SERVER]: Skipping file {[0:contenttweaker]: HandFramingTool.zs} as we are currently loading with a different loader
[PREINITIALIZATION][SERVER][INFO] [preinit | SIDE_SERVER]: Skipping file {[0:crafttweaker]: JetpacksAndEnergyStorage.zs} as we are currently loading with a different loader
[PREINITIALIZATION][SERVER][INFO] [preinit | SIDE_SERVER]: Skipping file {[0:crafttweaker]: Logipipes.zs} as we are currently loading with a different loader
[PREINITIALIZATION][SERVER][INFO] [preinit | SIDE_SERVER]: Skipping file {[0:crafttweaker]: LootTweaker.zs} as we are currently loading with a different loader
[PREINITIALIZATION][SERVER][INFO] [preinit | SIDE_SERVER]: Skipping file {[0:crafttweaker]: Microverse.zs} as we are currently loading with a different loader
[PREINITIALIZATION][SERVER][INFO] [preinit | SIDE_SERVER]: Skipping file {[0:crafttweaker]: Midgame.zs} as we are currently loading with a different loader
[PREINITIALIZATION][SERVER][INFO] [preinit | SIDE_SERVER]: Skipping file {[0:crafttweaker]: ModSpecific/AppliedEnergistics2.zs} as we are currently loading with a different loader
[PREINITIALIZATION][SERVER][INFO] [preinit | SIDE_SERVER]: Skipping file {[0:crafttweaker]: ModSpecific/DME.zs} as we are currently loading with a different loader
[PREINITIALIZATION][SERVER][INFO] [preinit | SIDE_SERVER]: Skipping file {[0:crafttweaker]: ModSpecific/TorchMaster.zs} as we are currently loading with a different loader
[PREINITIALIZATION][SERVER][INFO] [preinit | SIDE_SERVER]: Skipping file {[0:crafttweaker]: Multiblocks.zs} as we are currently loading with a different loader
[PREINITIALIZATION][SERVER][INFO] [preinit | SIDE_SERVER]: Skipping file {[0:crafttweaker]: MultiblockSimulationChamber.zs} as we are currently loading with a different loader
[PREINITIALIZATION][SERVER][INFO] [preinit | SIDE_SERVER]: Skipping file {[0:crafttweaker]: Nuclearcraft.zs} as we are currently loading with a different loader
[PREINITIALIZATION][SERVER][INFO] [preinit | SIDE_SERVER]: Skipping file {[0:crafttweaker]: OreProcessing/DenseOres.zs} as we are currently loading with a different loader
[PREINITIALIZATION][SERVER][INFO] [preinit | SIDE_SERVER]: Skipping file {[0:crafttweaker]: OreProcessing/ExquisiteGems.zs} as we are currently loading with a different loader
[PREINITIALIZATION][SERVER][INFO] [preinit | SIDE_SERVER]: Skipping file {[0:gregtech]: PortedMaterials.zs} as we are currently loading with a different loader
[PREINITIALIZATION][SERVER][INFO] [preinit | SIDE_SERVER]: Skipping file {[0:crafttweaker]: SimpleFluidTanks.zs} as we are currently loading with a different loader
[PREINITIALIZATION][SERVER][INFO] [preinit | SIDE_SERVER]: Skipping file {[0:crafttweaker]: SolarFlux.zs} as we are currently loading with a different loader
[PREINITIALIZATION][SERVER][INFO] [preinit | SIDE_SERVER]: Loading Script: {[0:preinit]: Textures.zs}
[PREINITIALIZATION][SERVER][INFO] [preinit | SIDE_SERVER]: Skipping file {[0:crafttweaker]: ThermalExpansion.zs} as we are currently loading with a different loader
[PREINITIALIZATION][SERVER][INFO] [preinit | SIDE_SERVER]: Skipping file {[0:crafttweaker]: xTones.zs} as we are currently loading with a different loader
[PREINITIALIZATION][SERVER][INFO] [preinit | SIDE_SERVER]: Skipping file {[0:crafttweaker]: zzzFixStuff.zs} as we are currently loading with a different loader
[PREINITIALIZATION][SERVER][INFO] [preinit | SIDE_SERVER]: Skipping file {[-9998:crafttweaker]: JEICleanup.zs} as we are currently loading with a different loader
[PREINITIALIZATION][SERVER][INFO] [preinit | SIDE_SERVER]: Skipping file {[-9999:crafttweaker]: Forestry.zs} as we are currently loading with a different loader
[PREINITIALIZATION][SERVER][INFO] Completed script loading in: 279ms
[PREINITIALIZATION][SERVER][INFO] Current loaders after merging: [[preinit], [gregtech]]
[PREINITIALIZATION][SERVER][INFO] Loading scripts for loader with names [gregtech]
[PREINITIALIZATION][SERVER][INFO] IgnoreBracketErrorPreprocessor found in {[0:crafttweaker]: ModSpecific/AppliedEnergistics2.zs}, ignoring errors in that file
[PREINITIALIZATION][SERVER][INFO] [gregtech | SIDE_SERVER]: Skipping file {[999:crafttweaker]: CommonVars.zs} as we are currently loading with a different loader
[PREINITIALIZATION][SERVER][INFO] [gregtech | SIDE_SERVER]: Skipping file {[998:crafttweaker]: _oreDict.zs} as we are currently loading with a different loader
[PREINITIALIZATION][SERVER][INFO] [gregtech | SIDE_SERVER]: Skipping file {[0:crafttweaker]: ActuallyAdditions.zs} as we are currently loading with a different loader
[PREINITIALIZATION][SERVER][INFO] [gregtech | SIDE_SERVER]: Skipping file {[0:crafttweaker]: AdvRocketry.zs} as we are currently loading with a different loader
[PREINITIALIZATION][SERVER][INFO] [gregtech | SIDE_SERVER]: Skipping file {[0:crafttweaker]: AE2.zs} as we are currently loading with a different loader
[PREINITIALIZATION][SERVER][INFO] [gregtech | SIDE_SERVER]: Skipping file {[0:crafttweaker]: Alchemy.zs} as we are currently loading with a different loader
[PREINITIALIZATION][SERVER][INFO] [gregtech | SIDE_SERVER]: Skipping file {[0:crafttweaker]: Armors.zs} as we are currently loading with a different loader
[PREINITIALIZATION][SERVER][INFO] [gregtech | SIDE_SERVER]: Skipping file {[0:crafttweaker]: AssemblyLine.zs} as we are currently loading with a different loader
[PREINITIALIZATION][SERVER][INFO] [gregtech | SIDE_SERVER]: Skipping file {[0:crafttweaker]: BlastFurnace.zs} as we are currently loading with a different loader
[PREINITIALIZATION][SERVER][INFO] [gregtech | SIDE_SERVER]: Skipping file {[0:crafttweaker]: Bountiful.zs} as we are currently loading with a different loader
[PREINITIALIZATION][SERVER][INFO] [gregtech | SIDE_SERVER]: Skipping file {[0:contenttweaker]: ContentTweaker.zs} as we are currently loading with a different loader
[PREINITIALIZATION][SERVER][INFO] [gregtech | SIDE_SERVER]: Skipping file {[0:crafttweaker]: CraftingCoreUpgrade.zs} as we are currently loading with a different loader
[PREINITIALIZATION][SERVER][INFO] [gregtech | SIDE_SERVER]: Skipping file {[0:crafttweaker]: CustomWrench.zs} as we are currently loading with a different loader
[PREINITIALIZATION][SERVER][INFO] [gregtech | SIDE_SERVER]: Skipping file {[0:crafttweaker]: Darkutils.zs} as we are currently loading with a different loader
[PREINITIALIZATION][SERVER][INFO] [gregtech | SIDE_SERVER]: Skipping file {[0:crafttweaker]: DistillationTower.zs} as we are currently loading with a different loader
[PREINITIALIZATION][SERVER][INFO] [gregtech | SIDE_SERVER]: Skipping file {[0:crafttweaker]: DraconicEvolution.zs} as we are currently loading with a different loader
[PREINITIALIZATION][SERVER][INFO] [gregtech | SIDE_SERVER]: Skipping file {[0:crafttweaker]: Earlygame.zs} as we are currently loading with a different loader
[PREINITIALIZATION][SERVER][INFO] [gregtech | SIDE_SERVER]: Skipping file {[0:crafttweaker]: Electronics.zs} as we are currently loading with a different loader
[PREINITIALIZATION][SERVER][INFO] [gregtech | SIDE_SERVER]: Skipping file {[0:crafttweaker]: EnderIO.zs} as we are currently loading with a different loader
[PREINITIALIZATION][SERVER][INFO] [gregtech | SIDE_SERVER]: Skipping file {[0:crafttweaker]: Endgame.zs} as we are currently loading with a different loader
[PREINITIALIZATION][SERVER][INFO] [gregtech | SIDE_SERVER]: Skipping file {[0:crafttweaker]: ExtendedCrafting.zs} as we are currently loading with a different loader
[PREINITIALIZATION][SERVER][INFO] [gregtech | SIDE_SERVER]: Skipping file {[0:crafttweaker]: HandFraming.zs} as we are currently loading with a different loader
[PREINITIALIZATION][SERVER][INFO] [gregtech | SIDE_SERVER]: Skipping file {[0:contenttweaker]: HandFramingTool.zs} as we are currently loading with a different loader
[PREINITIALIZATION][SERVER][INFO] [gregtech | SIDE_SERVER]: Skipping file {[0:crafttweaker]: JetpacksAndEnergyStorage.zs} as we are currently loading with a different loader
[PREINITIALIZATION][SERVER][INFO] [gregtech | SIDE_SERVER]: Skipping file {[0:crafttweaker]: Logipipes.zs} as we are currently loading with a different loader
[PREINITIALIZATION][SERVER][INFO] [gregtech | SIDE_SERVER]: Skipping file {[0:crafttweaker]: LootTweaker.zs} as we are currently loading with a different loader
[PREINITIALIZATION][SERVER][INFO] [gregtech | SIDE_SERVER]: Skipping file {[0:crafttweaker]: Microverse.zs} as we are currently loading with a different loader
[PREINITIALIZATION][SERVER][INFO] [gregtech | SIDE_SERVER]: Skipping file {[0:crafttweaker]: Midgame.zs} as we are currently loading with a different loader
[PREINITIALIZATION][SERVER][INFO] [gregtech | SIDE_SERVER]: Skipping file {[0:crafttweaker]: ModSpecific/AppliedEnergistics2.zs} as we are currently loading with a different loader
[PREINITIALIZATION][SERVER][INFO] [gregtech | SIDE_SERVER]: Skipping file {[0:crafttweaker]: ModSpecific/DME.zs} as we are currently loading with a different loader
[PREINITIALIZATION][SERVER][INFO] [gregtech | SIDE_SERVER]: Skipping file {[0:crafttweaker]: ModSpecific/TorchMaster.zs} as we are currently loading with a different loader
[PREINITIALIZATION][SERVER][INFO] [gregtech | SIDE_SERVER]: Skipping file {[0:crafttweaker]: Multiblocks.zs} as we are currently loading with a different loader
[PREINITIALIZATION][SERVER][INFO] [gregtech | SIDE_SERVER]: Skipping file {[0:crafttweaker]: MultiblockSimulationChamber.zs} as we are currently loading with a different loader
[PREINITIALIZATION][SERVER][INFO] [gregtech | SIDE_SERVER]: Skipping file {[0:crafttweaker]: Nuclearcraft.zs} as we are currently loading with a different loader
[PREINITIALIZATION][SERVER][INFO] [gregtech | SIDE_SERVER]: Skipping file {[0:crafttweaker]: OreProcessing/DenseOres.zs} as we are currently loading with a different loader
[PREINITIALIZATION][SERVER][INFO] [gregtech | SIDE_SERVER]: Skipping file {[0:crafttweaker]: OreProcessing/ExquisiteGems.zs} as we are currently loading with a different loader
[PREINITIALIZATION][SERVER][INFO] [gregtech | SIDE_SERVER]: Loading Script: {[0:gregtech]: PortedMaterials.zs}
[PREINITIALIZATION][SERVER][INFO] [gregtech | SIDE_SERVER]: Skipping file {[0:crafttweaker]: SimpleFluidTanks.zs} as we are currently loading with a different loader
[PREINITIALIZATION][SERVER][INFO] [gregtech | SIDE_SERVER]: Skipping file {[0:crafttweaker]: SolarFlux.zs} as we are currently loading with a different loader
[PREINITIALIZATION][SERVER][INFO] [gregtech | SIDE_SERVER]: Skipping file {[0:preinit]: Textures.zs} as we are currently loading with a different loader
[PREINITIALIZATION][SERVER][INFO] [gregtech | SIDE_SERVER]: Skipping file {[0:crafttweaker]: ThermalExpansion.zs} as we are currently loading with a different loader
[PREINITIALIZATION][SERVER][INFO] [gregtech | SIDE_SERVER]: Skipping file {[0:crafttweaker]: xTones.zs} as we are currently loading with a different loader
[PREINITIALIZATION][SERVER][INFO] [gregtech | SIDE_SERVER]: Skipping file {[0:crafttweaker]: zzzFixStuff.zs} as we are currently loading with a different loader
[PREINITIALIZATION][SERVER][INFO] [gregtech | SIDE_SERVER]: Skipping file {[-9998:crafttweaker]: JEICleanup.zs} as we are currently loading with a different loader
[PREINITIALIZATION][SERVER][INFO] [gregtech | SIDE_SERVER]: Skipping file {[-9999:crafttweaker]: Forestry.zs} as we are currently loading with a different loader
[PREINITIALIZATION][SERVER][INFO] Completed script loading in: 70ms
[PREINITIALIZATION][SERVER][INFO] Current loaders after merging: [[preinit], [gregtech], [contenttweaker]]
[PREINITIALIZATION][SERVER][INFO] Loading scripts for loader with names [contenttweaker]
[PREINITIALIZATION][SERVER][INFO] IgnoreBracketErrorPreprocessor found in {[0:crafttweaker]: ModSpecific/AppliedEnergistics2.zs}, ignoring errors in that file
[PREINITIALIZATION][SERVER][INFO] [contenttweaker | SIDE_SERVER]: Skipping file {[999:crafttweaker]: CommonVars.zs} as we are currently loading with a different loader
[PREINITIALIZATION][SERVER][INFO] [contenttweaker | SIDE_SERVER]: Skipping file {[998:crafttweaker]: _oreDict.zs} as we are currently loading with a different loader
[PREINITIALIZATION][SERVER][INFO] [contenttweaker | SIDE_SERVER]: Skipping file {[0:crafttweaker]: ActuallyAdditions.zs} as we are currently loading with a different loader
[PREINITIALIZATION][SERVER][INFO] [contenttweaker | SIDE_SERVER]: Skipping file {[0:crafttweaker]: AdvRocketry.zs} as we are currently loading with a different loader
[PREINITIALIZATION][SERVER][INFO] [contenttweaker | SIDE_SERVER]: Skipping file {[0:crafttweaker]: AE2.zs} as we are currently loading with a different loader
[PREINITIALIZATION][SERVER][INFO] [contenttweaker | SIDE_SERVER]: Skipping file {[0:crafttweaker]: Alchemy.zs} as we are currently loading with a different loader
[PREINITIALIZATION][SERVER][INFO] [contenttweaker | SIDE_SERVER]: Skipping file {[0:crafttweaker]: Armors.zs} as we are currently loading with a different loader
[PREINITIALIZATION][SERVER][INFO] [contenttweaker | SIDE_SERVER]: Skipping file {[0:crafttweaker]: AssemblyLine.zs} as we are currently loading with a different loader
[PREINITIALIZATION][SERVER][INFO] [contenttweaker | SIDE_SERVER]: Skipping file {[0:crafttweaker]: BlastFurnace.zs} as we are currently loading with a different loader
[PREINITIALIZATION][SERVER][INFO] [contenttweaker | SIDE_SERVER]: Skipping file {[0:crafttweaker]: Bountiful.zs} as we are currently loading with a different loader
[PREINITIALIZATION][SERVER][INFO] [contenttweaker | SIDE_SERVER]: Loading Script: {[0:contenttweaker]: ContentTweaker.zs}
[PREINITIALIZATION][SERVER][INFO] [contenttweaker | SIDE_SERVER]: Skipping file {[0:crafttweaker]: CraftingCoreUpgrade.zs} as we are currently loading with a different loader
[PREINITIALIZATION][SERVER][INFO] [contenttweaker | SIDE_SERVER]: Skipping file {[0:crafttweaker]: CustomWrench.zs} as we are currently loading with a different loader
[PREINITIALIZATION][SERVER][INFO] [contenttweaker | SIDE_SERVER]: Skipping file {[0:crafttweaker]: Darkutils.zs} as we are currently loading with a different loader
[PREINITIALIZATION][SERVER][INFO] [contenttweaker | SIDE_SERVER]: Skipping file {[0:crafttweaker]: DistillationTower.zs} as we are currently loading with a different loader
[PREINITIALIZATION][SERVER][INFO] [contenttweaker | SIDE_SERVER]: Skipping file {[0:crafttweaker]: DraconicEvolution.zs} as we are currently loading with a different loader
[PREINITIALIZATION][SERVER][INFO] [contenttweaker | SIDE_SERVER]: Skipping file {[0:crafttweaker]: Earlygame.zs} as we are currently loading with a different loader
[PREINITIALIZATION][SERVER][INFO] [contenttweaker | SIDE_SERVER]: Skipping file {[0:crafttweaker]: Electronics.zs} as we are currently loading with a different loader
[PREINITIALIZATION][SERVER][INFO] [contenttweaker | SIDE_SERVER]: Skipping file {[0:crafttweaker]: EnderIO.zs} as we are currently loading with a different loader
[PREINITIALIZATION][SERVER][INFO] [contenttweaker | SIDE_SERVER]: Skipping file {[0:crafttweaker]: Endgame.zs} as we are currently loading with a different loader
[PREINITIALIZATION][SERVER][INFO] [contenttweaker | SIDE_SERVER]: Skipping file {[0:crafttweaker]: ExtendedCrafting.zs} as we are currently loading with a different loader
[PREINITIALIZATION][SERVER][INFO] [contenttweaker | SIDE_SERVER]: Skipping file {[0:crafttweaker]: HandFraming.zs} as we are currently loading with a different loader
[PREINITIALIZATION][SERVER][INFO] [contenttweaker | SIDE_SERVER]: Loading Script: {[0:contenttweaker]: HandFramingTool.zs}
[PREINITIALIZATION][SERVER][INFO] [contenttweaker | SIDE_SERVER]: Skipping file {[0:crafttweaker]: JetpacksAndEnergyStorage.zs} as we are currently loading with a different loader
[PREINITIALIZATION][SERVER][INFO] [contenttweaker | SIDE_SERVER]: Skipping file {[0:crafttweaker]: Logipipes.zs} as we are currently loading with a different loader
[PREINITIALIZATION][SERVER][INFO] [contenttweaker | SIDE_SERVER]: Skipping file {[0:crafttweaker]: LootTweaker.zs} as we are currently loading with a different loader
[PREINITIALIZATION][SERVER][INFO] [contenttweaker | SIDE_SERVER]: Skipping file {[0:crafttweaker]: Microverse.zs} as we are currently loading with a different loader
[PREINITIALIZATION][SERVER][INFO] [contenttweaker | SIDE_SERVER]: Skipping file {[0:crafttweaker]: Midgame.zs} as we are currently loading with a different loader
[PREINITIALIZATION][SERVER][INFO] [contenttweaker | SIDE_SERVER]: Skipping file {[0:crafttweaker]: ModSpecific/AppliedEnergistics2.zs} as we are currently loading with a different loader
[PREINITIALIZATION][SERVER][INFO] [contenttweaker | SIDE_SERVER]: Skipping file {[0:crafttweaker]: ModSpecific/DME.zs} as we are currently loading with a different loader
[PREINITIALIZATION][SERVER][INFO] [contenttweaker | SIDE_SERVER]: Skipping file {[0:crafttweaker]: ModSpecific/TorchMaster.zs} as we are currently loading with a different loader
[PREINITIALIZATION][SERVER][INFO] [contenttweaker | SIDE_SERVER]: Skipping file {[0:crafttweaker]: Multiblocks.zs} as we are currently loading with a different loader
[PREINITIALIZATION][SERVER][INFO] [contenttweaker | SIDE_SERVER]: Skipping file {[0:crafttweaker]: MultiblockSimulationChamber.zs} as we are currently loading with a different loader
[PREINITIALIZATION][SERVER][INFO] [contenttweaker | SIDE_SERVER]: Skipping file {[0:crafttweaker]: Nuclearcraft.zs} as we are currently loading with a different loader
[PREINITIALIZATION][SERVER][INFO] [contenttweaker | SIDE_SERVER]: Skipping file {[0:crafttweaker]: OreProcessing/DenseOres.zs} as we are currently loading with a different loader
[PREINITIALIZATION][SERVER][INFO] [contenttweaker | SIDE_SERVER]: Skipping file {[0:crafttweaker]: OreProcessing/ExquisiteGems.zs} as we are currently loading with a different loader
[PREINITIALIZATION][SERVER][INFO] [contenttweaker | SIDE_SERVER]: Skipping file {[0:gregtech]: PortedMaterials.zs} as we are currently loading with a different loader
[PREINITIALIZATION][SERVER][INFO] [contenttweaker | SIDE_SERVER]: Skipping file {[0:crafttweaker]: SimpleFluidTanks.zs} as we are currently loading with a different loader
[PREINITIALIZATION][SERVER][INFO] [contenttweaker | SIDE_SERVER]: Skipping file {[0:crafttweaker]: SolarFlux.zs} as we are currently loading with a different loader
[PREINITIALIZATION][SERVER][INFO] [contenttweaker | SIDE_SERVER]: Skipping file {[0:preinit]: Textures.zs} as we are currently loading with a different loader
[PREINITIALIZATION][SERVER][INFO] [contenttweaker | SIDE_SERVER]: Skipping file {[0:crafttweaker]: ThermalExpansion.zs} as we are currently loading with a different loader
[PREINITIALIZATION][SERVER][INFO] [contenttweaker | SIDE_SERVER]: Skipping file {[0:crafttweaker]: xTones.zs} as we are currently loading with a different loader
[PREINITIALIZATION][SERVER][INFO] [contenttweaker | SIDE_SERVER]: Skipping file {[0:crafttweaker]: zzzFixStuff.zs} as we are currently loading with a different loader
[PREINITIALIZATION][SERVER][INFO] [contenttweaker | SIDE_SERVER]: Skipping file {[-9998:crafttweaker]: JEICleanup.zs} as we are currently loading with a different loader
[PREINITIALIZATION][SERVER][INFO] [contenttweaker | SIDE_SERVER]: Skipping file {[-9999:crafttweaker]: Forestry.zs} as we are currently loading with a different loader
[PREINITIALIZATION][SERVER][INFO] Completed script loading in: 304ms
